[DRC] SetGain Called. Gains: 0.00 -0.24 0.00 0.00 0.00 0.00 0.00 
[DRC] SetGain Called. Gains: 0.00 -0.58 0.00 0.00 0.00 0.00 0.00 
[DRC] SetGain Called. Gains: 0.00 -0.93 0.00 0.00 0.00 0.00 0.00 
[DRC] SetGain Called. Gains: 0.00 -1.41 0.00 0.00 0.00 0.00 0.00 
[DRC] SetGain Called. Gains: 0.00 -1.82 0.00 0.00 0.00 0.00 0.00 
[DRC] SetGain Called. Gains: 0.00 -2.37 0.00 0.00 0.00 0.00 0.00 
[DRC] SetGain Called. Gains: 0.00 -2.79 0.00 0.00 0.00 0.00 0.00 
[DRC] SetGain Called. Gains: 0.00 -3.27 0.00 0.00 0.00 0.00 0.00 
[DRC] SetGain Called. Gains: 0.00 -3.95 0.00 0.00 0.00 0.00 0.00 
[DRC] SetGain Called. Gains: 0.00 -4.37 0.00 0.00 0.00 0.00 0.00 
[DRC] SetGain Called. Gains: 0.00 -5.05 0.00 0.00 0.00 0.00 0.00 
[DRC] SetGain Called. Gains: 0.00 -5.74 0.00 0.00 0.00 0.00 0.00 
[DRC] SetGain Called. Gains: 0.00 -6.15 0.00 0.00 0.00 0.00 0.00 
[DRC] SetGain Called. Gains: 0.00 -6.57 0.00 0.00 0.00 0.00 0.00 
[DRC] SetGain Called. Gains: 0.00 -6.98 0.00 0.00 0.00 0.00 0.00 
[DRC] SetGain Called. Gains: 0.00 -7.26 0.00 0.00 0.00 0.00 0.00 
[DRC] SetGain Called. Gains: 0.00 -7.53 0.00 0.00 0.00 0.00 0.00 
[DRC] SetGain Called. Gains: 0.00 -7.74 0.00 0.00 0.00 0.00 0.00 
[DRC] SetGain Called. Gains: 0.00 -8.01 0.00 0.00 0.00 0.00 0.00 
[DRC] SetGain Called. Gains: 0.00 -8.22 0.00 0.00 0.00 0.00 0.00 
[DRC] SetGain Called. Gains: 0.00 -8.49 0.00 0.00 0.00 0.00 0.00 
[DRC] SetGain Called. Gains: 0.00 -8.70 0.00 0.00 0.00 0.00 0.00 
[DRC] SetGain Called. Gains: 0.00 -8.91 0.00 0.00 0.00 0.00 0.00 
[DRC] SetGain Called. Gains: 0.00 -9.18 0.00 0.00 0.00 0.00 0.00 
[DRC] SetGain Called. Gains: 0.00 -9.46 0.00 0.00 0.00 0.00 0.00 
[DRC] SetGain Called. Gains: 0.00 -9.66 0.00 0.00 0.00 0.00 0.00 
[DRC] SetGain Called. Gains: 0.00 -9.94 0.00 0.00 0.00 0.00 0.00 
[DRC] SetGain Called. Gains: 0.00 -10.21 0.00 0.00 0.00 0.00 0.00 
[DRC] SetGain Called. Gains: 0.00 -10.42 0.00 0.00 0.00 0.00 0.00 
[DRC] SetGain Called. Gains: 0.00 -10.83 0.00 0.00 0.00 0.00 0.00 
[DRC] SetGain Called. Gains: 0.00 -11.17 0.00 0.00 0.00 0.00 0.00 
[DRC] SetGain Called. Gains: 0.00 -11.52 0.00 0.00 0.00 0.00 0.00 
[DRC] SetGain Called. Gains: 0.00 -11.93 0.00 0.00 0.00 0.00 0.00 
[DRC] SetGain Called. Gains: 0.00 -12.00 0.00 0.00 0.00 0.00 0.00 
[DRC] SetGain Called. Gains: 0.00 -12.00 0.00 0.00 0.00 0.00 0.00 
[DRC] SetGain Called. Gains: 0.00 -12.00 0.00 0.00 0.00 0.00 0.00 
[DRC] SetGain Called. Gains: 0.00 -12.00 0.00 0.00 0.00 0.00 0.00 
[DRC] SetGain Called. Gains: 0.00 -12.00 0.00 0.00 0.00 0.00 0.00 
[DRC] SetGain Called. Gains: 0.00 -12.00 0.00 0.00 0.00 0.00 0.00 
[DRC] SetGain Called. Gains: 0.00 -12.00 0.00 0.00 0.00 0.00 0.00 
[DRC] SetGain Called. Gains: 0.00 -12.00 0.00 0.00 0.00 0.00 0.00 
[DRC] SetGain Called. Gains: 0.00 -12.00 0.00 0.00 0.00 0.00 0.00 
[DRC] SetGain Called. Gains: 0.00 -12.00 0.00 0.00 0.00 0.00 0.00 
[DRC] SetGain Called. Gains: 0.00 -12.00 0.00 0.00 0.00 0.00 0.00 
[DRC] SetGain Called. Gains: 0.00 -12.00 0.00 0.00 0.00 0.00 0.00 
[DRC] SetGain Called. Gains: 0.00 -12.00 0.00 0.00 0.00 0.00 0.00 
[DRC] SetGain Called. Gains: 0.00 -12.00 0.00 0.00 0.00 0.00 0.00 
[DRC] SetGain Called. Gains: 0.00 -12.00 0.00 0.00 0.00 0.00 0.00 
[DRC] SetGain Called. Gains: 0.00 -12.00 0.00 0.00 0.00 0.00 0.00 
[DRC] SetGain Called. Gains: 0.00 -12.00 0.00 0.00 0.00 0.00 0.00 
[DRC] SetGain Called. Gains: 0.00 -12.00 0.00 0.00 0.00 0.00 0.00 
[DRC] SetGain Called. Gains: 0.00 -12.00 0.00 0.00 0.00 0.00 0.00 
[DRC] SetGain Called. Gains: 0.00 -12.00 0.00 0.00 0.00 0.00 0.00 
[DRC] SetGain Called. Gains: 0.00 -12.00 0.00 0.00 0.00 0.00 0.00 
[DRC] SetGain Called. Gains: 0.00 -12.00 0.00 0.00 0.00 0.00 0.00 
[DRC] SetGain Called. Gains: 0.00 0.17 0.00 0.00 0.00 0.00 0.00 
[DRC] SetGain Called. Gains: 0.00 -0.10 0.00 0.00 0.00 0.00 0.00 
[DRC] SetGain Called. Gains: 0.00 -0.31 0.00 0.00 0.00 0.00 0.00 
[DRC] SetGain Called. Gains: 0.00 -0.72 0.00 0.00 0.00 0.00 0.00 
[DRC] SetGain Called. Gains: 0.00 -1.00 0.00 0.00 0.00 0.00 0.00 
[DRC] SetGain Called. Gains: 0.00 -1.41 0.00 0.00 0.00 0.00 0.00 
[DRC] SetGain Called. Gains: 0.00 -1.82 0.00 0.00 0.00 0.00 0.00 
[DRC] SetGain Called. Gains: 0.00 -2.23 0.00 0.00 0.00 0.00 0.00 
[DRC] SetGain Called. Gains: 0.00 -2.72 0.00 0.00 0.00 0.00 0.00 
[DRC] SetGain Called. Gains: 0.00 -3.06 0.00 0.00 0.00 0.00 0.00 
[DRC] SetGain Called. Gains: 0.00 -3.47 0.00 0.00 0.00 0.00 0.00 
[DRC] SetGain Called. Gains: 0.00 -3.82 0.00 0.00 0.00 0.00 0.00 
[DRC] SetGain Called. Gains: 0.00 -4.09 0.00 0.00 0.00 0.00 0.00 
[DRC] SetGain Called. Gains: 0.00 -4.50 0.00 0.00 0.00 0.00 0.00 
[DRC] SetGain Called. Gains: 0.00 -4.78 0.00 0.00 0.00 0.00 0.00 
[DRC] SetGain Called. Gains: 0.00 -5.12 0.00 0.00 0.00 0.00 0.00 
[DRC] SetGain Called. Gains: 0.00 -5.33 0.00 0.00 0.00 0.00 0.00 
[DRC] SetGain Called. Gains: 0.00 -5.60 0.00 0.00 0.00 0.00 0.00 
[DRC] SetGain Called. Gains: 0.00 -5.88 0.00 0.00 0.00 0.00 0.00 
[DRC] SetGain Called. Gains: 0.00 -6.09 0.00 0.00 0.00 0.00 0.00 
[DRC] SetGain Called. Gains: 0.00 -6.29 0.00 0.00 0.00 0.00 0.00 
[DRC] SetGain Called. Gains: 0.00 -6.57 0.00 0.00 0.00 0.00 0.00 
[DRC] SetGain Called. Gains: 0.00 -6.77 0.00 0.00 0.00 0.00 0.00 
[DRC] SetGain Called. Gains: 0.00 -7.12 0.00 0.00 0.00 0.00 0.00 
[DRC] SetGain Called. Gains: 0.00 -7.32 0.00 0.00 0.00 0.00 0.00 
[DRC] SetGain Called. Gains: 0.00 -7.60 0.00 0.00 0.00 0.00 0.00 
[DRC] SetGain Called. Gains: 0.00 -7.87 0.00 0.00 0.00 0.00 0.00 
[DRC] SetGain Called. Gains: 0.00 -8.29 0.00 0.00 0.00 0.00 0.00 
[DRC] SetGain Called. Gains: 0.00 -8.49 0.00 0.00 0.00 0.00 0.00 
[DRC] SetGain Called. Gains: 0.00 -8.70 0.00 0.00 0.00 0.00 0.00 
[DRC] SetGain Called. Gains: 0.00 -8.97 0.00 0.00 0.00 0.00 0.00 
[DRC] SetGain Called. Gains: 0.00 -9.18 0.00 0.00 0.00 0.00 0.00 
[DRC] SetGain Called. Gains: 0.00 -9.46 0.00 0.00 0.00 0.00 0.00 
[DRC] SetGain Called. Gains: 0.00 -9.66 0.00 0.00 0.00 0.00 0.00 
[DRC] SetGain Called. Gains: 0.00 -9.94 0.00 0.00 0.00 0.00 0.00 
[DRC] SetGain Called. Gains: 0.00 -10.07 0.00 0.00 0.00 0.00 0.00 
[DRC] SetGain Called. Gains: 0.00 -10.28 0.00 0.00 0.00 0.00 0.00 
[DRC] SetGain Called. Gains: 0.00 -10.49 0.00 0.00 0.00 0.00 0.00 
[DRC] SetGain Called. Gains: 0.00 -10.76 0.00 0.00 0.00 0.00 0.00 
[DRC] SetGain Called. Gains: 0.00 -10.97 0.00 0.00 0.00 0.00 0.00 
[DRC] SetGain Called. Gains: 0.00 -11.17 0.00 0.00 0.00 0.00 0.00 
[DRC] SetGain Called. Gains: 0.00 -11.38 0.00 0.00 0.00 0.00 0.00 
[DRC] SetGain Called. Gains: 0.00 -11.52 0.00 0.00 0.00 0.00 0.00 
[DRC] SetGain Called. Gains: 0.00 -11.79 0.00 0.00 0.00 0.00 0.00 
[DRC] SetGain Called. Gains: 0.00 -11.93 0.00 0.00 0.00 0.00 0.00 
[DRC] SetGain Called. Gains: 0.00 -12.00 0.00 0.00 0.00 0.00 0.00 
[DRC] SetGain Called. Gains: 0.00 -12.00 0.00 0.00 0.00 0.00 0.00 
[DRC] SetGain Called. Gains: 0.00 -12.00 0.00 0.00 0.00 0.00 0.00 
[DRC] SetGain Called. Gains: 0.00 -12.00 0.00 0.00 0.00 0.00 0.00 
[DRC] SetGain Called. Gains: 0.00 -12.00 0.00 0.00 0.00 0.00 0.00 
[DRC] SetGain Called. Gains: 0.00 -12.00 0.00 0.00 0.00 0.00 0.00 
[DRC] SetGain Called. Gains: 0.00 -12.00 0.00 0.00 0.00 0.00 0.00 
[DRC] SetGain Called. Gains: 0.00 -12.00 0.00 0.00 0.00 0.00 0.00 
[DRC] SetGain Called. Gains: 0.00 -12.00 0.00 0.00 0.00 0.00 0.00 
[DRC] SetGain Called. Gains: 0.00 -12.00 0.00 0.00 0.00 0.00 0.00 
[DRC] SetGain Called. Gains: 0.00 -12.00 0.00 0.00 0.00 0.00 0.00 
[DRC] SetGain Called. Gains: 0.00 -12.00 0.00 0.00 0.00 0.00 0.00 
[DRC] SetGain Called. Gains: 0.00 -12.00 0.00 0.00 0.00 0.00 0.00 
[DRC] SetGain Called. Gains: 0.00 -12.00 0.00 0.00 0.00 0.00 0.00 
[DRC] SetGain Called. Gains: 0.00 -12.00 0.00 0.00 0.00 0.00 0.00 
[DRC] SetGain Called. Gains: 0.00 -12.00 0.00 0.00 0.00 0.00 0.00 
[DRC] SetGain Called. Gains: 0.00 -12.00 0.00 0.00 0.00 0.00 0.00 
[DRC] SetGain Called. Gains: 0.00 -12.00 0.00 0.00 0.00 0.00 0.00 
[DRC] SetGain Called. Gains: 0.00 -12.00 0.00 0.00 0.00 0.00 0.00 
[DRC] SetGain Called. Gains: 0.00 -12.00 0.00 0.00 0.00 0.00 0.00 
[DRC] SetGain Called. Gains: 0.00 -12.00 0.00 0.00 0.00 0.00 0.00 
[DRC] SetGain Called. Gains: 0.00 -12.00 0.00 0.00 0.00 0.00 0.00 
[DRC] SetGain Called. Gains: 0.00 -12.00 0.00 0.00 0.00 0.00 0.00 
[DRC] SetGain Called. Gains: 0.00 -12.00 0.00 0.00 0.00 0.00 0.00 
[DRC] SetGain Called. Gains: 0.00 -12.00 0.00 0.00 0.00 0.00 0.00 
[DRC] SetGain Called. Gains: 0.00 -12.00 0.00 0.00 0.00 0.00 0.00 
[DRC] SetGain Called. Gains: 0.00 -12.00 0.00 0.00 0.00 0.00 0.00 
[DRC] SetGain Called. Gains: 0.00 -12.00 0.00 0.00 0.00 0.00 0.00 
[DRC] SetGain Called. Gains: 0.00 -12.00 0.00 0.00 0.00 0.00 0.00 
[DRC] SetGain Called. Gains: 0.00 -12.00 0.00 0.00 0.00 0.00 0.00 
[DRC] SetGain Called. Gains: 0.00 0.10 0.00 0.00 0.00 0.00 0.00 
[DRC] Resolution 0. DREmult[0..9]: 0.0000 0.0000 0.0000 0.0000 0.0000 0.0000 0.0055 0.0584 0.0722 0.0156 
[DRC] Looking up freq at index 100: 585.94 Hz -> Value: 0.0000
[DRC] SetGain Called. Gains: 0.00 -0.31 0.00 0.00 0.00 0.00 0.00 
[DRC] Resolution 0. DREmult[0..9]: 0.0000 0.0000 0.0000 0.0000 0.0000 0.0000 -0.0164 -0.1751 -0.2167 -0.0467 
[DRC] Looking up freq at index 100: 585.94 Hz -> Value: 0.0000
[DRC] SetGain Called. Gains: 0.00 -0.79 0.00 0.00 0.00 0.00 0.00 
[DRC] Resolution 0. DREmult[0..9]: 0.0000 0.0000 0.0000 0.0000 0.0000 0.0000 -0.0418 -0.4475 -0.5538 -0.1194 
[DRC] Looking up freq at index 100: 585.94 Hz -> Value: 0.0000
[DRC] SetGain Called. Gains: 0.00 -1.13 0.00 0.00 0.00 0.00 0.00 
[DRC] Resolution 0. DREmult[0..9]: 0.0000 0.0000 0.0000 0.0000 0.0000 0.0000 -0.0600 -0.6420 -0.7946 -0.1714 
[DRC] Looking up freq at index 100: 585.94 Hz -> Value: 0.0000
[DRC] SetGain Called. Gains: 0.00 -1.48 0.00 0.00 0.00 0.00 0.00 
[DRC] Resolution 0. DREmult[0..9]: 0.0000 0.0000 0.0000 0.0000 0.0000 0.0000 -0.0782 -0.8366 -1.0354 -0.2233 
[DRC] Looking up freq at index 100: 585.94 Hz -> Value: 0.0000
[DRC] SetGain Called. Gains: 0.00 -1.75 0.00 0.00 0.00 0.00 0.00 
[DRC] Resolution 0. DREmult[0..9]: 0.0000 0.0000 0.0000 0.0000 0.0000 0.0000 -0.0928 -0.9922 -1.2000 -0.2649 
[DRC] Looking up freq at index 100: 585.94 Hz -> Value: 0.0000
[DRC] SetGain Called. Gains: 0.00 -1.96 0.00 0.00 0.00 0.00 0.00 
[DRC] Resolution 0. DREmult[0..9]: 0.0000 0.0000 0.0000 0.0000 0.0000 0.0000 -0.1037 -1.1089 -1.2000 -0.2960 
[DRC] Looking up freq at index 100: 585.94 Hz -> Value: 0.0000
[DRC] SetGain Called. Gains: 0.00 -2.10 0.00 0.00 0.00 0.00 0.00 
[DRC] Resolution 0. DREmult[0..9]: 0.0000 0.0000 0.0000 0.0000 0.0000 0.0000 -0.1110 -1.1868 -1.2000 -0.3168 
[DRC] Looking up freq at index 100: 585.94 Hz -> Value: 0.0000
[DRC] SetGain Called. Gains: 0.00 -2.23 0.00 0.00 0.00 0.00 0.00 
[DRC] Resolution 0. DREmult[0..9]: 0.0000 0.0000 0.0000 0.0000 0.0000 0.0000 -0.1183 -1.2000 -1.2000 -0.3376 
[DRC] Looking up freq at index 100: 585.94 Hz -> Value: 0.0000
[DRC] SetGain Called. Gains: 0.00 -2.30 0.00 0.00 0.00 0.00 0.00 
[DRC] Resolution 0. DREmult[0..9]: 0.0000 0.0000 0.0000 0.0000 0.0000 0.0000 -0.1219 -1.2000 -1.2000 -0.3479 
[DRC] Looking up freq at index 100: 585.94 Hz -> Value: 0.0000
[DRC] SetGain Called. Gains: 0.00 -2.44 0.00 0.00 0.00 0.00 0.00 
[DRC] Resolution 0. DREmult[0..9]: 0.0000 0.0000 0.0000 0.0000 0.0000 0.0000 -0.1292 -1.2000 -1.2000 -0.3687 
[DRC] Looking up freq at index 100: 585.94 Hz -> Value: 0.0000
[DRC] SetGain Called. Gains: 0.00 -2.51 0.00 0.00 0.00 0.00 0.00 
[DRC] Resolution 0. DREmult[0..9]: 0.0000 0.0000 0.0000 0.0000 0.0000 0.0000 -0.1328 -1.2000 -1.2000 -0.3791 
[DRC] Looking up freq at index 100: 585.94 Hz -> Value: 0.0000
[DRC] SetGain Called. Gains: 0.00 -2.65 0.00 0.00 0.00 0.00 0.00 
[DRC] Resolution 0. DREmult[0..9]: 0.0000 0.0000 0.0000 0.0000 0.0000 0.0000 -0.1401 -1.2000 -1.2000 -0.3999 
[DRC] Looking up freq at index 100: 585.94 Hz -> Value: 0.0000
[DRC] SetGain Called. Gains: 0.00 -2.79 0.00 0.00 0.00 0.00 0.00 
[DRC] Resolution 0. DREmult[0..9]: 0.0000 0.0000 0.0000 0.0000 0.0000 0.0000 -0.1474 -1.2000 -1.2000 -0.4207 
[DRC] Looking up freq at index 100: 585.94 Hz -> Value: 0.0000
[DRC] SetGain Called. Gains: 0.00 -2.99 0.00 0.00 0.00 0.00 0.00 
[DRC] Resolution 0. DREmult[0..9]: 0.0000 0.0000 0.0000 0.0000 0.0000 0.0000 -0.1583 -1.2000 -1.2000 -0.4518 
[DRC] Looking up freq at index 100: 585.94 Hz -> Value: 0.0000
[DRC] SetGain Called. Gains: 0.00 -3.27 0.00 0.00 0.00 0.00 0.00 
[DRC] Resolution 0. DREmult[0..9]: 0.0000 0.0000 0.0000 0.0000 0.0000 0.0000 -0.1728 -1.2000 -1.2000 -0.4934 
[DRC] Looking up freq at index 100: 585.94 Hz -> Value: 0.0000
[DRC] SetGain Called. Gains: 0.00 -3.47 0.00 0.00 0.00 0.00 0.00 
[DRC] Resolution 0. DREmult[0..9]: 0.0000 0.0000 0.0000 0.0000 0.0000 0.0000 -0.1838 -1.2000 -1.2000 -0.5245 
[DRC] Looking up freq at index 100: 585.94 Hz -> Value: 0.0000
[DRC] SetGain Called. Gains: 0.00 -3.75 0.00 0.00 0.00 0.00 0.00 
[DRC] Resolution 0. DREmult[0..9]: 0.0000 0.0000 0.0000 0.0000 0.0000 0.0000 -0.1983 -1.2000 -1.2000 -0.5661 
[DRC] Looking up freq at index 100: 585.94 Hz -> Value: 0.0000
[DRC] SetGain Called. Gains: 0.00 -4.02 0.00 0.00 0.00 0.00 0.00 
[DRC] Resolution 0. DREmult[0..9]: 0.0000 0.0000 0.0000 0.0000 0.0000 0.0000 -0.2129 -1.2000 -1.2000 -0.6076 
[DRC] Looking up freq at index 100: 585.94 Hz -> Value: 0.0000
[DRC] SetGain Called. Gains: 0.00 -4.37 0.00 0.00 0.00 0.00 0.00 
[DRC] Resolution 0. DREmult[0..9]: 0.0000 0.0000 0.0000 0.0000 0.0000 0.0000 -0.2311 -1.2000 -1.2000 -0.6595 
[DRC] Looking up freq at index 100: 585.94 Hz -> Value: 0.0000
[DRC] SetGain Called. Gains: 0.00 -4.64 0.00 0.00 0.00 0.00 0.00 
[DRC] Resolution 0. DREmult[0..9]: 0.0000 0.0000 0.0000 0.0000 0.0000 0.0000 -0.2456 -1.2000 -1.2000 -0.7011 
[DRC] Looking up freq at index 100: 585.94 Hz -> Value: 0.0000
[DRC] SetGain Called. Gains: 0.00 -4.92 0.00 0.00 0.00 0.00 0.00 
[DRC] Resolution 0. DREmult[0..9]: 0.0000 0.0000 0.0000 0.0000 0.0000 0.0000 -0.2602 -1.2000 -1.2000 -0.7426 
[DRC] Looking up freq at index 100: 585.94 Hz -> Value: 0.0000
[DRC] SetGain Called. Gains: 0.00 -5.26 0.00 0.00 0.00 0.00 0.00 
[DRC] Resolution 0. DREmult[0..9]: 0.0000 0.0000 0.0000 0.0000 0.0000 0.0000 -0.2784 -1.2000 -1.2000 -0.7946 
[DRC] Looking up freq at index 100: 585.94 Hz -> Value: 0.0000
[DRC] SetGain Called. Gains: 0.00 -5.67 0.00 0.00 0.00 0.00 0.00 
[DRC] Resolution 0. DREmult[0..9]: 0.0000 0.0000 0.0000 0.0000 0.0000 0.0000 -0.3002 -1.2000 -1.2000 -0.8569 
[DRC] Looking up freq at index 100: 585.94 Hz -> Value: 0.0000
[DRC] SetGain Called. Gains: 0.00 -6.29 0.00 0.00 0.00 0.00 0.00 
[DRC] Resolution 0. DREmult[0..9]: 0.0000 0.0000 0.0000 0.0000 0.0000 0.0000 -0.3330 -1.2000 -1.2000 -0.9504 
[DRC] Looking up freq at index 100: 585.94 Hz -> Value: 0.0000
[DRC] SetGain Called. Gains: 0.00 -6.77 0.00 0.00 0.00 0.00 0.00 
[DRC] Resolution 0. DREmult[0..9]: 0.0000 0.0000 0.0000 0.0000 0.0000 0.0000 -0.3584 -1.2000 -1.2000 -1.0231 
[DRC] Looking up freq at index 100: 585.94 Hz -> Value: 0.0000
[DRC] SetGain Called. Gains: 0.00 -7.32 0.00 0.00 0.00 0.00 0.00 
[DRC] Resolution 0. DREmult[0..9]: 0.0000 0.0000 0.0000 0.0000 0.0000 0.0000 -0.3875 -1.2000 -1.2000 -1.1062 
[DRC] Looking up freq at index 100: 585.94 Hz -> Value: 0.0000
[DRC] SetGain Called. Gains: 0.00 -7.87 0.00 0.00 0.00 0.00 0.00 
[DRC] Resolution 0. DREmult[0..9]: 0.0000 0.0000 0.0000 0.0000 0.0000 0.0000 -0.4166 -1.2000 -1.2000 -1.1893 
[DRC] Looking up freq at index 100: 585.94 Hz -> Value: 0.0000
[DRC] SetGain Called. Gains: 0.00 -8.36 0.00 0.00 0.00 0.00 0.00 
[DRC] Resolution 0. DREmult[0..9]: 0.0000 0.0000 0.0000 0.0000 0.0000 0.0000 -0.4421 -1.2000 -1.2000 -1.2000 
[DRC] Looking up freq at index 100: 585.94 Hz -> Value: 0.0000
[DRC] SetGain Called. Gains: 0.00 -8.91 0.00 0.00 0.00 0.00 0.00 
[DRC] Resolution 0. DREmult[0..9]: 0.0000 0.0000 0.0000 0.0000 0.0000 0.0000 -0.4712 -1.2000 -1.2000 -1.2000 
[DRC] Looking up freq at index 100: 585.94 Hz -> Value: 0.0000
[DRC] SetGain Called. Gains: 0.00 -9.39 0.00 0.00 0.00 0.00 0.00 
[DRC] Resolution 0. DREmult[0..9]: 0.0000 0.0000 0.0000 0.0000 0.0000 0.0000 -0.4967 -1.2000 -1.2000 -1.2000 
[DRC] Looking up freq at index 100: 585.94 Hz -> Value: 0.0000
[DRC] SetGain Called. Gains: 0.00 -9.73 0.00 0.00 0.00 0.00 0.00 
[DRC] Resolution 0. DREmult[0..9]: 0.0000 0.0000 0.0000 0.0000 0.0000 0.0000 -0.5149 -1.2000 -1.2000 -1.2000 
[DRC] Looking up freq at index 100: 585.94 Hz -> Value: 0.0000
[DRC] SetGain Called. Gains: 0.00 -10.14 0.00 0.00 0.00 0.00 0.00 
[DRC] Resolution 0. DREmult[0..9]: 0.0000 0.0000 0.0000 0.0000 0.0000 0.0000 -0.5367 -1.2000 -1.2000 -1.2000 
[DRC] Looking up freq at index 100: 585.94 Hz -> Value: 0.0000
[DRC] SetGain Called. Gains: 0.00 -10.42 0.00 0.00 0.00 0.00 0.00 
[DRC] Resolution 0. DREmult[0..9]: 0.0000 0.0000 0.0000 0.0000 0.0000 0.0000 -0.5513 -1.2000 -1.2000 -1.2000 
[DRC] Looking up freq at index 100: 585.94 Hz -> Value: 0.0000
[DRC] SetGain Called. Gains: 0.00 -10.76 0.00 0.00 0.00 0.00 0.00 
[DRC] Resolution 0. DREmult[0..9]: 0.0000 0.0000 0.0000 0.0000 0.0000 0.0000 -0.5695 -1.2000 -1.2000 -1.2000 
[DRC] Looking up freq at index 100: 585.94 Hz -> Value: 0.0000
[DRC] SetGain Called. Gains: 0.00 -11.04 0.00 0.00 0.00 0.00 0.00 
[DRC] Resolution 0. DREmult[0..9]: 0.0000 0.0000 0.0000 0.0000 0.0000 0.0000 -0.5840 -1.2000 -1.2000 -1.2000 
[DRC] Looking up freq at index 100: 585.94 Hz -> Value: 0.0000
[DRC] SetGain Called. Gains: 0.00 -11.38 0.00 0.00 0.00 0.00 0.00 
[DRC] Resolution 0. DREmult[0..9]: 0.0000 0.0000 0.0000 0.0000 0.0000 0.0000 -0.6022 -1.2000 -1.2000 -1.2000 
[DRC] Looking up freq at index 100: 585.94 Hz -> Value: 0.0000
[DRC] SetGain Called. Gains: 0.00 -11.66 0.00 0.00 0.00 0.00 0.00 
[DRC] Resolution 0. DREmult[0..9]: 0.0000 0.0000 0.0000 0.0000 0.0000 0.0000 -0.6168 -1.2000 -1.2000 -1.2000 
[DRC] Looking up freq at index 100: 585.94 Hz -> Value: 0.0000
[DRC] SetGain Called. Gains: 0.00 -11.86 0.00 0.00 0.00 0.00 0.00 
[DRC] Resolution 0. DREmult[0..9]: 0.0000 0.0000 0.0000 0.0000 0.0000 0.0000 -0.6277 -1.2000 -1.2000 -1.2000 
[DRC] Looking up freq at index 100: 585.94 Hz -> Value: 0.0000
[DRC] SetGain Called. Gains: 0.00 -12.00 0.00 0.00 0.00 0.00 0.00 
[DRC] Resolution 0. DREmult[0..9]: 0.0000 0.0000 0.0000 0.0000 0.0000 0.0000 -0.6350 -1.2000 -1.2000 -1.2000 
[DRC] Looking up freq at index 100: 585.94 Hz -> Value: 0.0000
[DRC] SetGain Called. Gains: 0.00 -12.00 0.00 0.00 0.00 0.00 0.00 
[DRC] Resolution 0. DREmult[0..9]: 0.0000 0.0000 0.0000 0.0000 0.0000 0.0000 -0.6350 -1.2000 -1.2000 -1.2000 
[DRC] Looking up freq at index 100: 585.94 Hz -> Value: 0.0000
[DRC] SetGain Called. Gains: 0.00 -12.00 0.00 0.00 0.00 0.00 0.00 
[DRC] Resolution 0. DREmult[0..9]: 0.0000 0.0000 0.0000 0.0000 0.0000 0.0000 -0.6350 -1.2000 -1.2000 -1.2000 
[DRC] Looking up freq at index 100: 585.94 Hz -> Value: 0.0000
[DRC] SetGain Called. Gains: 0.00 -12.00 0.00 0.00 0.00 0.00 0.00 
[DRC] Resolution 0. DREmult[0..9]: 0.0000 0.0000 0.0000 0.0000 0.0000 0.0000 -0.6350 -1.2000 -1.2000 -1.2000 
[DRC] Looking up freq at index 100: 585.94 Hz -> Value: 0.0000
[DRC] SetGain Called. Gains: 0.00 -12.00 0.00 0.00 0.00 0.00 0.00 
[DRC] Resolution 0. DREmult[0..9]: 0.0000 0.0000 0.0000 0.0000 0.0000 0.0000 -0.6350 -1.2000 -1.2000 -1.2000 
[DRC] Looking up freq at index 100: 585.94 Hz -> Value: 0.0000
[DRC] SetGain Called. Gains: 0.00 -12.00 0.00 0.00 0.00 0.00 0.00 
[DRC] Resolution 0. DREmult[0..9]: 0.0000 0.0000 0.0000 0.0000 0.0000 0.0000 -0.6350 -1.2000 -1.2000 -1.2000 
[DRC] Looking up freq at index 100: 585.94 Hz -> Value: 0.0000
[DRC] SetGain Called. Gains: 0.00 -12.00 0.00 0.00 0.00 0.00 0.00 
[DRC] Resolution 0. DREmult[0..9]: 0.0000 0.0000 0.0000 0.0000 0.0000 0.0000 -0.6350 -1.2000 -1.2000 -1.2000 
[DRC] Looking up freq at index 100: 585.94 Hz -> Value: 0.0000
[DRC] SetGain Called. Gains: 0.00 -12.00 0.00 0.00 0.00 0.00 0.00 
[DRC] Resolution 0. DREmult[0..9]: 0.0000 0.0000 0.0000 0.0000 0.0000 0.0000 -0.6350 -1.2000 -1.2000 -1.2000 
[DRC] Looking up freq at index 100: 585.94 Hz -> Value: 0.0000
[DRC] SetGain Called. Gains: 0.00 -12.00 0.00 0.00 0.00 0.00 0.00 
[DRC] Resolution 0. DREmult[0..9]: 0.0000 0.0000 0.0000 0.0000 0.0000 0.0000 -0.6350 -1.2000 -1.2000 -1.2000 
[DRC] Looking up freq at index 100: 585.94 Hz -> Value: 0.0000
[DRC] SetGain Called. Gains: 0.00 -12.00 0.00 0.00 0.00 0.00 0.00 
[DRC] Resolution 0. DREmult[0..9]: 0.0000 0.0000 0.0000 0.0000 0.0000 0.0000 -0.6350 -1.2000 -1.2000 -1.2000 
[DRC] Looking up freq at index 100: 585.94 Hz -> Value: 0.0000
[DRC] SetGain Called. Gains: 0.00 -12.00 0.00 0.00 0.00 0.00 0.00 
[DRC] Resolution 0. DREmult[0..9]: 0.0000 0.0000 0.0000 0.0000 0.0000 0.0000 -0.6350 -1.2000 -1.2000 -1.2000 
[DRC] Looking up freq at index 100: 585.94 Hz -> Value: 0.0000
[DRC] SetGain Called. Gains: 0.00 -12.00 0.00 0.00 0.00 0.00 0.00 
[DRC] Resolution 0. DREmult[0..9]: 0.0000 0.0000 0.0000 0.0000 0.0000 0.0000 -0.6350 -1.2000 -1.2000 -1.2000 
[DRC] Looking up freq at index 100: 585.94 Hz -> Value: 0.0000
[DRC] SetGain Called. Gains: 0.00 -12.00 0.00 0.00 0.00 0.00 0.00 
[DRC] Resolution 0. DREmult[0..9]: 0.0000 0.0000 0.0000 0.0000 0.0000 0.0000 -0.6350 -1.2000 -1.2000 -1.2000 
[DRC] Looking up freq at index 100: 585.94 Hz -> Value: 0.0000
[DRC] SetGain Called. Gains: 0.00 -12.00 0.00 0.00 0.00 0.00 0.00 
[DRC] Resolution 0. DREmult[0..9]: 0.0000 0.0000 0.0000 0.0000 0.0000 0.0000 -0.6350 -1.2000 -1.2000 -1.2000 
[DRC] Looking up freq at index 100: 585.94 Hz -> Value: 0.0000
[DRC] SetGain Called. Gains: 0.00 -12.00 0.00 0.00 0.00 0.00 0.00 
[DRC] Resolution 0. DREmult[0..9]: 0.0000 0.0000 0.0000 0.0000 0.0000 0.0000 -0.6350 -1.2000 -1.2000 -1.2000 
[DRC] Looking up freq at index 100: 585.94 Hz -> Value: 0.0000
[DRC] SetGain Called. Gains: 0.00 -12.00 0.00 0.00 0.00 0.00 0.00 
[DRC] Resolution 0. DREmult[0..9]: 0.0000 0.0000 0.0000 0.0000 0.0000 0.0000 -0.6350 -1.2000 -1.2000 -1.2000 
[DRC] Looking up freq at index 100: 585.94 Hz -> Value: 0.0000
[DRC] SetGain Called. Gains: 0.00 -12.00 0.00 0.00 0.00 0.00 0.00 
[DRC] Resolution 0. DREmult[0..9]: 0.0000 0.0000 0.0000 0.0000 0.0000 0.0000 -0.6350 -1.2000 -1.2000 -1.2000 
[DRC] Looking up freq at index 100: 585.94 Hz -> Value: 0.0000
[DRC] SetGain Called. Gains: 0.00 -12.00 0.00 0.00 0.00 0.00 0.00 
[DRC] Resolution 0. DREmult[0..9]: 0.0000 0.0000 0.0000 0.0000 0.0000 0.0000 -0.6350 -1.2000 -1.2000 -1.2000 
[DRC] Looking up freq at index 100: 585.94 Hz -> Value: 0.0000
[DRC] SetGain Called. Gains: 0.00 -0.45 0.00 0.00 0.00 0.00 0.00 
[DRC] SetGain Called. Gains: 0.00 -0.79 0.00 0.00 0.00 0.00 0.00 
[DRC] SetGain Called. Gains: 0.00 -1.27 0.00 0.00 0.00 0.00 0.00 
[DRC] SetGain Called. Gains: 0.00 -1.48 0.00 0.00 0.00 0.00 0.00 
[DRC] SetGain Called. Gains: 0.00 -1.68 0.00 0.00 0.00 0.00 0.00 
[DRC] SetGain Called. Gains: 0.00 -1.89 0.00 0.00 0.00 0.00 0.00 
[DRC] SetGain Called. Gains: 0.00 -2.03 0.00 0.00 0.00 0.00 0.00 
[DRC] SetGain Called. Gains: 0.00 -2.23 0.00 0.00 0.00 0.00 0.00 
[DRC] SetGain Called. Gains: 0.00 -2.30 0.00 0.00 0.00 0.00 0.00 
[DRC] SetGain Called. Gains: 0.00 -2.44 0.00 0.00 0.00 0.00 0.00 
[DRC] SetGain Called. Gains: 0.00 -2.58 0.00 0.00 0.00 0.00 0.00 
[DRC] SetGain Called. Gains: 0.00 -2.85 0.00 0.00 0.00 0.00 0.00 
[DRC] SetGain Called. Gains: 0.00 -3.13 0.00 0.00 0.00 0.00 0.00 
[DRC] SetGain Called. Gains: 0.00 -3.47 0.00 0.00 0.00 0.00 0.00 
[DRC] SetGain Called. Gains: 0.00 -3.82 0.00 0.00 0.00 0.00 0.00 
[DRC] SetGain Called. Gains: 0.00 -4.37 0.00 0.00 0.00 0.00 0.00 
[DRC] SetGain Called. Gains: 0.00 -4.85 0.00 0.00 0.00 0.00 0.00 
[DRC] SetGain Called. Gains: 0.00 -5.33 0.00 0.00 0.00 0.00 0.00 
[DRC] SetGain Called. Gains: 0.00 -5.88 0.00 0.00 0.00 0.00 0.00 
[DRC] SetGain Called. Gains: 0.00 -6.43 0.00 0.00 0.00 0.00 0.00 
[DRC] SetGain Called. Gains: 0.00 -6.84 0.00 0.00 0.00 0.00 0.00 
[DRC] SetGain Called. Gains: 0.00 -7.32 0.00 0.00 0.00 0.00 0.00 
[DRC] SetGain Called. Gains: 0.00 -7.87 0.00 0.00 0.00 0.00 0.00 
[DRC] SetGain Called. Gains: 0.00 -8.29 0.00 0.00 0.00 0.00 0.00 
[DRC] SetGain Called. Gains: 0.00 -8.70 0.00 0.00 0.00 0.00 0.00 
[DRC] SetGain Called. Gains: 0.00 -9.18 0.00 0.00 0.00 0.00 0.00 
[DRC] SetGain Called. Gains: 0.00 -9.66 0.00 0.00 0.00 0.00 0.00 
[DRC] SetGain Called. Gains: 0.00 -9.94 0.00 0.00 0.00 0.00 0.00 
[DRC] SetGain Called. Gains: 0.00 -10.28 0.00 0.00 0.00 0.00 0.00 
[DRC] SetGain Called. Gains: 0.00 -10.56 0.00 0.00 0.00 0.00 0.00 
[DRC] SetGain Called. Gains: 0.00 -10.83 0.00 0.00 0.00 0.00 0.00 
[DRC] SetGain Called. Gains: 0.00 -11.04 0.00 0.00 0.00 0.00 0.00 
[DRC] SetGain Called. Gains: 0.00 -11.31 0.00 0.00 0.00 0.00 0.00 
[DRC] SetGain Called. Gains: 0.00 -11.52 0.00 0.00 0.00 0.00 0.00 
[DRC] SetGain Called. Gains: 0.00 -11.72 0.00 0.00 0.00 0.00 0.00 
[DRC] SetGain Called. Gains: 0.00 -11.93 0.00 0.00 0.00 0.00 0.00 
[DRC] SetGain Called. Gains: 0.00 -12.00 0.00 0.00 0.00 0.00 0.00 
[DRC] SetGain Called. Gains: 0.00 -12.00 0.00 0.00 0.00 0.00 0.00 
[DRC] SetGain Called. Gains: 0.00 -12.00 0.00 0.00 0.00 0.00 0.00 
[DRC] SetGain Called. Gains: 0.00 -12.00 0.00 0.00 0.00 0.00 0.00 
[DRC] SetGain Called. Gains: 0.00 -12.00 0.00 0.00 0.00 0.00 0.00 
[DRC] SetGain Called. Gains: 0.00 -12.00 0.00 0.00 0.00 0.00 0.00 
[DRC] SetGain Called. Gains: 0.00 -12.00 0.00 0.00 0.00 0.00 0.00 
[DRC] SetGain Called. Gains: 0.00 -12.00 0.00 0.00 0.00 0.00 0.00 
[DRC] SetGain Called. Gains: 0.00 -12.00 0.00 0.00 0.00 0.00 0.00 
[DRC] SetGain Called. Gains: 0.00 -12.00 0.00 0.00 0.00 0.00 0.00 
[DRC] SetGain Called. Gains: 0.00 -12.00 0.00 0.00 0.00 0.00 0.00 
[DRC] SetGain Called. Gains: 0.00 -12.00 0.00 0.00 0.00 0.00 0.00 
[DRC] SetGain Called. Gains: 0.00 -12.00 0.00 0.00 0.00 0.00 0.00 
[DRC] SetGain Called. Gains: 0.00 -12.00 0.00 0.00 0.00 0.00 0.00 
[DRC] SetGain Called. Gains: 0.00 -12.00 0.00 0.00 0.00 0.00 0.00 
[DRC] SetGain Called. Gains: 0.00 -12.00 0.00 0.00 0.00 0.00 0.00 
[DRC] SetGain Called. Gains: 0.00 -12.00 0.00 0.00 0.00 0.00 0.00 
[DRC] SetGain Called. Gains: 0.00 -12.00 0.00 0.00 0.00 0.00 0.00 
[DRC] SetGain Called. Gains: 0.00 -12.00 -0.24 0.00 0.00 0.00 0.00 
[DRC] SetGain Called. Gains: 0.00 -12.00 -0.72 0.00 0.00 0.00 0.00 
[DRC] SetGain Called. Gains: 0.00 -12.00 -1.27 0.00 0.00 0.00 0.00 
[DRC] SetGain Called. Gains: 0.00 -12.00 -1.89 0.00 0.00 0.00 0.00 
[DRC] SetGain Called. Gains: 0.00 -12.00 -2.58 0.00 0.00 0.00 0.00 
[DRC] SetGain Called. Gains: 0.00 -12.00 -3.34 0.00 0.00 0.00 0.00 
[DRC] SetGain Called. Gains: 0.00 -12.00 -4.09 0.00 0.00 0.00 0.00 
[DRC] SetGain Called. Gains: 0.00 -12.00 -4.99 0.00 0.00 0.00 0.00 
[DRC] SetGain Called. Gains: 0.00 -12.00 -5.67 0.00 0.00 0.00 0.00 
[DRC] SetGain Called. Gains: 0.00 -12.00 -6.29 0.00 0.00 0.00 0.00 
[DRC] SetGain Called. Gains: 0.00 -12.00 -7.05 0.00 0.00 0.00 0.00 
[DRC] SetGain Called. Gains: 0.00 -12.00 -7.74 0.00 0.00 0.00 0.00 
[DRC] SetGain Called. Gains: 0.00 -12.00 -8.42 0.00 0.00 0.00 0.00 
[DRC] SetGain Called. Gains: 0.00 -12.00 -9.18 0.00 0.00 0.00 0.00 
[DRC] SetGain Called. Gains: 0.00 -12.00 -9.94 0.00 0.00 0.00 0.00 
[DRC] SetGain Called. Gains: 0.00 -12.00 -10.49 0.00 0.00 0.00 0.00 
[DRC] SetGain Called. Gains: 0.00 -12.00 -11.11 0.00 0.00 0.00 0.00 
[DRC] SetGain Called. Gains: 0.00 -12.00 -11.72 0.00 0.00 0.00 0.00 
[DRC] SetGain Called. Gains: 0.00 -12.00 -12.00 0.00 0.00 0.00 0.00 
[DRC] SetGain Called. Gains: 0.00 -12.00 -12.00 0.00 0.00 0.00 0.00 
[DRC] SetGain Called. Gains: 0.00 -12.00 -12.00 0.00 0.00 0.00 0.00 
[DRC] SetGain Called. Gains: 0.00 -12.00 -12.00 0.00 0.00 0.00 0.00 
[DRC] SetGain Called. Gains: 0.00 -12.00 -12.00 0.00 0.00 0.00 0.00 
[DRC] SetGain Called. Gains: 0.00 -12.00 -12.00 0.00 0.00 0.00 0.00 
[DRC] SetGain Called. Gains: 0.00 -12.00 -12.00 0.00 0.00 0.00 0.00 
[DRC] SetGain Called. Gains: 0.00 -12.00 -12.00 0.00 0.00 0.00 0.00 
[DRC] SetGain Called. Gains: 0.00 -12.00 -12.00 0.00 0.00 0.00 0.00 
[DRC] SetGain Called. Gains: 0.00 -12.00 -12.00 0.00 0.00 0.00 0.00 
[DRC] SetGain Called. Gains: 0.00 -12.00 -12.00 0.00 0.00 0.00 0.00 
[DRC] SetGain Called. Gains: 0.00 -12.00 -12.00 0.00 0.00 0.00 0.00 
[DRC] SetGain Called. Gains: 0.00 -12.00 -12.00 0.00 0.00 0.00 0.00 
[DRC] SetGain Called. Gains: 0.00 -12.00 -12.00 0.00 0.00 0.00 0.00 
[DRC] SetGain Called. Gains: 0.00 -12.00 -12.00 0.00 0.00 0.00 0.00 
[DRC] SetGain Called. Gains: 0.00 -12.00 -12.00 0.00 0.00 0.00 0.00 
[DRC] SetGain Called. Gains: 0.00 -12.00 -12.00 0.00 0.00 0.00 0.00 
[DRC] SetGain Called. Gains: 0.00 -12.00 -12.00 -0.65 0.00 0.00 0.00 
[DRC] SetGain Called. Gains: 0.00 -12.00 -12.00 -1.13 0.00 0.00 0.00 
[DRC] SetGain Called. Gains: 0.00 -12.00 -12.00 -1.68 0.00 0.00 0.00 
[DRC] SetGain Called. Gains: 0.00 -12.00 -12.00 -2.44 0.00 0.00 0.00 
[DRC] SetGain Called. Gains: 0.00 -12.00 -12.00 -3.27 0.00 0.00 0.00 
[DRC] SetGain Called. Gains: 0.00 -12.00 -12.00 -4.09 0.00 0.00 0.00 
[DRC] SetGain Called. Gains: 0.00 -12.00 -12.00 -5.05 0.00 0.00 0.00 
[DRC] SetGain Called. Gains: 0.00 -12.00 -12.00 -5.95 0.00 0.00 0.00 
[DRC] SetGain Called. Gains: 0.00 -12.00 -12.00 -6.98 0.00 0.00 0.00 
[DRC] SetGain Called. Gains: 0.00 -12.00 -12.00 -8.01 0.00 0.00 0.00 
[DRC] SetGain Called. Gains: 0.00 -12.00 -12.00 -8.97 0.00 0.00 0.00 
[DRC] SetGain Called. Gains: 0.00 -12.00 -12.00 -10.07 0.00 0.00 0.00 
[DRC] SetGain Called. Gains: 0.00 -12.00 -12.00 -11.11 0.00 0.00 0.00 
[DRC] SetGain Called. Gains: 0.00 -12.00 -12.00 -12.00 0.00 0.00 0.00 
[DRC] SetGain Called. Gains: 0.00 -12.00 -12.00 -12.00 0.00 0.00 0.00 
[DRC] SetGain Called. Gains: 0.00 -12.00 -12.00 -12.00 0.00 0.00 0.00 
[DRC] SetGain Called. Gains: 0.00 -12.00 -12.00 -12.00 0.00 0.00 0.00 
[DRC] SetGain Called. Gains: 0.00 -12.00 -12.00 -12.00 0.00 0.00 0.00 
[DRC] SetGain Called. Gains: 0.00 -12.00 -12.00 -12.00 0.00 0.00 0.00 
[DRC] SetGain Called. Gains: 0.00 -12.00 -12.00 -12.00 0.00 0.00 0.00 
[DRC] SetGain Called. Gains: 0.00 -12.00 -12.00 -12.00 0.00 0.00 0.00 
[DRC] SetGain Called. Gains: 0.00 -12.00 -12.00 -12.00 0.00 0.00 0.00 
[DRC] SetGain Called. Gains: 0.00 -12.00 -12.00 -12.00 0.00 0.00 0.00 
[DRC] SetGain Called. Gains: 0.00 -12.00 -12.00 -12.00 0.00 0.00 0.00 
[DRC] SetGain Called. Gains: 0.00 -12.00 -12.00 -12.00 0.00 0.00 0.00 
[DRC] SetGain Called. Gains: 0.00 -12.00 -12.00 -12.00 0.00 0.00 0.00 
[DRC] SetGain Called. Gains: 0.00 -12.00 -12.00 -12.00 0.00 0.00 0.00 
[DRC] SetGain Called. Gains: 0.00 -12.00 -12.00 -12.00 0.00 0.00 0.00 
[DRC] SetGain Called. Gains: 0.00 -12.00 -12.00 -12.00 0.00 0.00 0.00 
[DRC] SetGain Called. Gains: 0.00 -12.00 -12.00 -12.00 0.00 0.00 0.00 
[DRC] SetGain Called. Gains: 0.00 -12.00 -12.00 -12.00 -0.03 0.00 0.00 
[DRC] SetGain Called. Gains: 0.00 -12.00 -12.00 -12.00 -0.52 0.00 0.00 
[DRC] SetGain Called. Gains: 0.00 -12.00 -12.00 -12.00 -0.93 0.00 0.00 
[DRC] SetGain Called. Gains: 0.00 -12.00 -12.00 -12.00 -1.41 0.00 0.00 
[DRC] SetGain Called. Gains: 0.00 -12.00 -12.00 -12.00 -1.89 0.00 0.00 
[DRC] SetGain Called. Gains: 0.00 -12.00 -12.00 -12.00 -2.37 0.00 0.00 
[DRC] SetGain Called. Gains: 0.00 -12.00 -12.00 -12.00 -2.92 0.00 0.00 
[DRC] SetGain Called. Gains: 0.00 -12.00 -12.00 -12.00 -3.40 0.00 0.00 
[DRC] SetGain Called. Gains: 0.00 -12.00 -12.00 -12.00 -3.95 0.00 0.00 
[DRC] SetGain Called. Gains: 0.00 -12.00 -12.00 -12.00 -4.50 0.00 0.00 
[DRC] SetGain Called. Gains: 0.00 -12.00 -12.00 -12.00 -5.12 0.00 0.00 
[DRC] SetGain Called. Gains: 0.00 -12.00 -12.00 -12.00 -5.67 0.00 0.00 
[DRC] SetGain Called. Gains: 0.00 -12.00 -12.00 -12.00 -6.36 0.00 0.00 
[DRC] SetGain Called. Gains: 0.00 -12.00 -12.00 -12.00 -6.91 0.00 0.00 
[DRC] SetGain Called. Gains: 0.00 -12.00 -12.00 -12.00 -7.53 0.00 0.00 
[DRC] SetGain Called. Gains: 0.00 -12.00 -12.00 -12.00 -8.08 0.00 0.00 
[DRC] SetGain Called. Gains: 0.00 -12.00 -12.00 -12.00 -8.77 0.00 0.00 
[DRC] SetGain Called. Gains: 0.00 -12.00 -12.00 -12.00 -9.32 0.00 0.00 
[DRC] SetGain Called. Gains: 0.00 -12.00 -12.00 -12.00 -9.87 0.00 0.00 
[DRC] SetGain Called. Gains: 0.00 -12.00 -12.00 -12.00 -10.49 0.00 0.00 
[DRC] SetGain Called. Gains: 0.00 -12.00 -12.00 -12.00 -11.04 0.00 0.00 
[DRC] SetGain Called. Gains: 0.00 -12.00 -12.00 -12.00 -11.59 0.00 0.00 
[DRC] SetGain Called. Gains: 0.00 -12.00 -12.00 -12.00 -12.00 0.00 0.00 
[DRC] SetGain Called. Gains: 0.00 -12.00 -12.00 -12.00 -12.00 0.00 0.00 
[DRC] SetGain Called. Gains: 0.00 -12.00 -12.00 -12.00 -12.00 0.00 0.00 
[DRC] SetGain Called. Gains: 0.00 -12.00 -12.00 -12.00 -12.00 0.00 0.00 
[DRC] SetGain Called. Gains: 0.00 -12.00 -12.00 -12.00 -12.00 0.00 0.00 
[DRC] SetGain Called. Gains: 0.00 -12.00 -12.00 -12.00 -12.00 0.00 0.00 
[DRC] SetGain Called. Gains: 0.00 -12.00 -12.00 -12.00 -12.00 0.00 0.00 
[DRC] SetGain Called. Gains: 0.00 -12.00 -12.00 -12.00 -12.00 0.00 0.00 
[DRC] SetGain Called. Gains: 0.00 -12.00 -12.00 -12.00 -12.00 0.00 0.00 
[DRC] SetGain Called. Gains: 0.00 -12.00 -12.00 -12.00 -12.00 0.00 0.00 
[DRC] SetGain Called. Gains: 0.00 -12.00 -12.00 -12.00 -12.00 0.00 0.00 
[DRC] SetGain Called. Gains: 0.00 -11.79 -12.00 -12.00 -12.00 0.00 0.00 
[DRC] SetGain Called. Gains: 0.00 -11.31 -12.00 -12.00 -12.00 0.00 0.00 
[DRC] SetGain Called. Gains: 0.00 -10.83 -12.00 -12.00 -12.00 0.00 0.00 
[DRC] SetGain Called. Gains: 0.00 -10.35 -12.00 -12.00 -12.00 0.00 0.00 
[DRC] SetGain Called. Gains: 0.00 -9.94 -12.00 -12.00 -12.00 0.00 0.00 
[DRC] SetGain Called. Gains: 0.00 -9.66 -12.00 -12.00 -12.00 0.00 0.00 
[DRC] SetGain Called. Gains: 0.00 -9.04 -12.00 -12.00 -12.00 0.00 0.00 
[DRC] SetGain Called. Gains: 0.00 -8.42 -12.00 -12.00 -12.00 0.00 0.00 
[DRC] SetGain Called. Gains: 0.00 -7.87 -12.00 -12.00 -12.00 0.00 0.00 
[DRC] SetGain Called. Gains: 0.00 -7.19 -12.00 -12.00 -12.00 0.00 0.00 
[DRC] SetGain Called. Gains: 0.00 -6.64 -12.00 -12.00 -12.00 0.00 0.00 
[DRC] SetGain Called. Gains: 0.00 -6.02 -12.00 -12.00 -12.00 0.00 0.00 
[DRC] SetGain Called. Gains: 0.00 -5.40 -12.00 -12.00 -12.00 0.00 0.00 
[DRC] SetGain Called. Gains: 0.00 -4.71 -12.00 -12.00 -12.00 0.00 0.00 
[DRC] SetGain Called. Gains: 0.00 -4.09 -12.00 -12.00 -12.00 0.00 0.00 
[DRC] SetGain Called. Gains: 0.00 -3.34 -12.00 -12.00 -12.00 0.00 0.00 
[DRC] SetGain Called. Gains: 0.00 -2.65 -12.00 -12.00 -12.00 0.00 0.00 
[DRC] SetGain Called. Gains: 0.00 -1.96 -12.00 -12.00 -12.00 0.00 0.00 
[DRC] SetGain Called. Gains: 0.00 -1.27 -12.00 -12.00 -12.00 0.00 0.00 
[DRC] SetGain Called. Gains: 0.00 -0.58 -12.00 -12.00 -12.00 0.00 0.00 
[DRC] SetGain Called. Gains: 0.00 -0.03 -12.00 -12.00 -12.00 0.00 0.00 
[DRC] SetGain Called. Gains: 0.00 0.65 -12.00 -12.00 -12.00 0.00 0.00 
[DRC] SetGain Called. Gains: 0.00 1.07 -12.00 -12.00 -12.00 0.00 0.00 
[DRC] SetGain Called. Gains: 0.00 1.62 -12.00 -12.00 -12.00 0.00 0.00 
[DRC] SetGain Called. Gains: 0.00 2.17 -12.00 -12.00 -12.00 0.00 0.00 
[DRC] SetGain Called. Gains: 0.00 2.79 -12.00 -12.00 -12.00 0.00 0.00 
[DRC] SetGain Called. Gains: 0.00 3.20 -12.00 -12.00 -12.00 0.00 0.00 
[DRC] SetGain Called. Gains: 0.00 3.75 -12.00 -12.00 -12.00 0.00 0.00 
[DRC] SetGain Called. Gains: 0.00 4.16 -12.00 -12.00 -12.00 0.00 0.00 
[DRC] SetGain Called. Gains: 0.00 4.50 -12.00 -12.00 -12.00 0.00 0.00 
[DRC] SetGain Called. Gains: 0.00 4.92 -12.00 -12.00 -12.00 0.00 0.00 
[DRC] SetGain Called. Gains: 0.00 5.19 -12.00 -12.00 -12.00 0.00 0.00 
[DRC] SetGain Called. Gains: 0.00 5.40 -12.00 -12.00 -12.00 0.00 0.00 
[DRC] SetGain Called. Gains: 0.00 5.67 -12.00 -12.00 -12.00 0.00 0.00 
[DRC] SetGain Called. Gains: 0.00 5.88 -12.00 -12.00 -12.00 0.00 0.00 
[DRC] SetGain Called. Gains: 0.00 6.15 -12.00 -12.00 -12.00 0.00 0.00 
[DRC] SetGain Called. Gains: 0.00 6.36 -12.00 -12.00 -12.00 0.00 0.00 
[DRC] SetGain Called. Gains: 0.00 6.64 -12.00 -12.00 -12.00 0.00 0.00 
[DRC] SetGain Called. Gains: 0.00 6.91 -12.00 -12.00 -12.00 0.00 0.00 
[DRC] SetGain Called. Gains: 0.00 7.32 -12.00 -12.00 -12.00 0.00 0.00 
[DRC] SetGain Called. Gains: 0.00 7.60 -12.00 -12.00 -12.00 0.00 0.00 
[DRC] SetGain Called. Gains: 0.00 7.87 -12.00 -12.00 -12.00 0.00 0.00 
[DRC] SetGain Called. Gains: 0.00 8.29 -12.00 -12.00 -12.00 0.00 0.00 
[DRC] SetGain Called. Gains: 0.00 8.56 -12.00 -12.00 -12.00 0.00 0.00 
[DRC] SetGain Called. Gains: 0.00 8.77 -12.00 -12.00 -12.00 0.00 0.00 
[DRC] SetGain Called. Gains: 0.00 8.97 -12.00 -12.00 -12.00 0.00 0.00 
[DRC] SetGain Called. Gains: 0.00 9.32 -12.00 -12.00 -12.00 0.00 0.00 
[DRC] SetGain Called. Gains: 0.00 9.66 -12.00 -12.00 -12.00 0.00 0.00 
[DRC] SetGain Called. Gains: 0.00 9.87 -12.00 -12.00 -12.00 0.00 0.00 
[DRC] SetGain Called. Gains: 0.00 10.21 -12.00 -12.00 -12.00 0.00 0.00 
[DRC] SetGain Called. Gains: 0.00 10.42 -12.00 -12.00 -12.00 0.00 0.00 
[DRC] SetGain Called. Gains: 0.00 10.56 -12.00 -12.00 -12.00 0.00 0.00 
[DRC] SetGain Called. Gains: 0.00 10.76 -12.00 -12.00 -12.00 0.00 0.00 
[DRC] SetGain Called. Gains: 0.00 10.97 -12.00 -12.00 -12.00 0.00 0.00 
[DRC] SetGain Called. Gains: 0.00 11.11 -12.00 -12.00 -12.00 0.00 0.00 
[DRC] SetGain Called. Gains: 0.00 11.31 -12.00 -12.00 -12.00 0.00 0.00 
[DRC] SetGain Called. Gains: 0.00 11.45 -12.00 -12.00 -12.00 0.00 0.00 
[DRC] SetGain Called. Gains: 0.00 11.66 -12.00 -12.00 -12.00 0.00 0.00 
[DRC] SetGain Called. Gains: 0.00 11.86 -12.00 -12.00 -12.00 0.00 0.00 
[DRC] SetGain Called. Gains: 0.00 12.00 -12.00 -12.00 -12.00 0.00 0.00 
[DRC] SetGain Called. Gains: 0.00 12.00 -12.00 -12.00 -12.00 0.00 0.00 
[DRC] SetGain Called. Gains: 0.00 12.00 -12.00 -12.00 -12.00 0.00 0.00 
[DRC] SetGain Called. Gains: 0.00 12.00 -12.00 -12.00 -12.00 0.00 0.00 
[DRC] SetGain Called. Gains: 0.00 12.00 -12.00 -12.00 -12.00 0.00 0.00 
[DRC] SetGain Called. Gains: 0.00 12.00 -12.00 -12.00 -12.00 0.00 0.00 
[DRC] SetGain Called. Gains: 0.00 12.00 -12.00 -12.00 -12.00 0.00 0.00 
[DRC] SetGain Called. Gains: 0.00 12.00 -12.00 -12.00 -12.00 0.00 0.00 
[DRC] SetGain Called. Gains: 0.00 12.00 -12.00 -12.00 -12.00 0.00 0.00 
[DRC] SetGain Called. Gains: 0.00 12.00 -12.00 -12.00 -12.00 0.00 0.00 
[DRC] SetGain Called. Gains: 0.00 12.00 -12.00 -12.00 -12.00 0.00 0.00 
[DRC] SetGain Called. Gains: 0.00 12.00 -12.00 -12.00 -12.00 0.00 0.00 
[DRC] SetGain Called. Gains: 0.00 12.00 -12.00 -12.00 -12.00 0.00 0.00 
[DRC] SetGain Called. Gains: 0.00 12.00 -12.00 -12.00 -12.00 0.00 0.00 
[DRC] SetGain Called. Gains: 0.00 12.00 -12.00 -12.00 -12.00 0.00 0.00 
[DRC] SetGain Called. Gains: 0.00 12.00 -12.00 -12.00 -12.00 0.00 0.00 
[DRC] SetGain Called. Gains: 0.00 12.00 -12.00 -12.00 -12.00 0.00 0.00 
[DRC] SetGain Called. Gains: 0.00 12.00 -12.00 -12.00 -12.00 0.00 0.00 
[DRC] SetGain Called. Gains: 0.00 12.00 -12.00 -12.00 -12.00 0.00 0.00 
[DRC] SetGain Called. Gains: 0.00 12.00 -12.00 -12.00 -12.00 0.00 0.00 
[DRC] SetGain Called. Gains: 0.00 12.00 -12.00 -12.00 -12.00 0.00 0.00 
[DRC] SetGain Called. Gains: 0.00 12.00 -12.00 -12.00 -12.00 0.00 0.00 
[DRC] SetGain Called. Gains: 0.00 12.00 -12.00 -12.00 -12.00 0.00 0.00 
[DRC] SetGain Called. Gains: 0.00 12.00 -12.00 -12.00 -12.00 0.00 0.00 
[DRC] SetGain Called. Gains: 0.00 12.00 -12.00 -12.00 -12.00 0.00 0.00 
[DRC] SetGain Called. Gains: 0.00 12.00 -12.00 -12.00 -12.00 0.00 0.00 
[DRC] SetGain Called. Gains: 0.00 12.00 -12.00 -12.00 -12.00 0.00 0.00 
[DRC] SetGain Called. Gains: 0.00 12.00 -12.00 -12.00 -12.00 0.00 0.00 
[DRC] SetGain Called. Gains: 0.00 12.00 -12.00 -12.00 -12.00 0.00 0.00 
[DRC] SetGain Called. Gains: 0.00 12.00 -11.93 -12.00 -12.00 0.00 0.00 
[DRC] SetGain Called. Gains: 0.00 12.00 -11.66 -12.00 -12.00 0.00 0.00 
[DRC] SetGain Called. Gains: 0.00 12.00 -11.31 -12.00 -12.00 0.00 0.00 
[DRC] SetGain Called. Gains: 0.00 12.00 -10.83 -12.00 -12.00 0.00 0.00 
[DRC] SetGain Called. Gains: 0.00 12.00 -10.28 -12.00 -12.00 0.00 0.00 
[DRC] SetGain Called. Gains: 0.00 12.00 -9.66 -12.00 -12.00 0.00 0.00 
[DRC] SetGain Called. Gains: 0.00 12.00 -9.11 -12.00 -12.00 0.00 0.00 
[DRC] SetGain Called. Gains: 0.00 12.00 -8.56 -12.00 -12.00 0.00 0.00 
[DRC] SetGain Called. Gains: 0.00 12.00 -8.01 -12.00 -12.00 0.00 0.00 
[DRC] SetGain Called. Gains: 0.00 12.00 -7.60 -12.00 -12.00 0.00 0.00 
[DRC] SetGain Called. Gains: 0.00 12.00 -7.12 -12.00 -12.00 0.00 0.00 
[DRC] SetGain Called. Gains: 0.00 12.00 -6.70 -12.00 -12.00 0.00 0.00 
[DRC] SetGain Called. Gains: 0.00 12.00 -6.29 -12.00 -12.00 0.00 0.00 
[DRC] SetGain Called. Gains: 0.00 12.00 -5.74 -12.00 -12.00 0.00 0.00 
[DRC] SetGain Called. Gains: 0.00 12.00 -5.26 -12.00 -12.00 0.00 0.00 
[DRC] SetGain Called. Gains: 0.00 12.00 -4.71 -12.00 -12.00 0.00 0.00 
[DRC] SetGain Called. Gains: 0.00 12.00 -4.23 -12.00 -12.00 0.00 0.00 
[DRC] SetGain Called. Gains: 0.00 12.00 -3.54 -12.00 -12.00 0.00 0.00 
[DRC] SetGain Called. Gains: 0.00 12.00 -3.06 -12.00 -12.00 0.00 0.00 
[DRC] SetGain Called. Gains: 0.00 12.00 -2.51 -12.00 -12.00 0.00 0.00 
[DRC] SetGain Called. Gains: 0.00 12.00 -1.89 -12.00 -12.00 0.00 0.00 
[DRC] SetGain Called. Gains: 0.00 12.00 -1.34 -12.00 -12.00 0.00 0.00 
[DRC] SetGain Called. Gains: 0.00 12.00 -0.72 -12.00 -12.00 0.00 0.00 
[DRC] SetGain Called. Gains: 0.00 12.00 -0.10 -12.00 -12.00 0.00 0.00 
[DRC] SetGain Called. Gains: 0.00 12.00 0.45 -12.00 -12.00 0.00 0.00 
[DRC] SetGain Called. Gains: 0.00 12.00 1.07 -12.00 -12.00 0.00 0.00 
[DRC] SetGain Called. Gains: 0.00 12.00 1.62 -12.00 -12.00 0.00 0.00 
[DRC] SetGain Called. Gains: 0.00 12.00 2.23 -12.00 -12.00 0.00 0.00 
[DRC] SetGain Called. Gains: 0.00 12.00 2.79 -12.00 -12.00 0.00 0.00 
[DRC] SetGain Called. Gains: 0.00 12.00 3.27 -12.00 -12.00 0.00 0.00 
[DRC] SetGain Called. Gains: 0.00 12.00 3.89 -12.00 -12.00 0.00 0.00 
[DRC] SetGain Called. Gains: 0.00 12.00 4.50 -12.00 -12.00 0.00 0.00 
[DRC] SetGain Called. Gains: 0.00 12.00 5.05 -12.00 -12.00 0.00 0.00 
[DRC] SetGain Called. Gains: 0.00 12.00 5.54 -12.00 -12.00 0.00 0.00 
[DRC] SetGain Called. Gains: 0.00 12.00 6.15 -12.00 -12.00 0.00 0.00 
[DRC] SetGain Called. Gains: 0.00 12.00 6.70 -12.00 -12.00 0.00 0.00 
[DRC] SetGain Called. Gains: 0.00 12.00 7.39 -12.00 -12.00 0.00 0.00 
[DRC] SetGain Called. Gains: 0.00 12.00 7.94 -12.00 -12.00 0.00 0.00 
[DRC] SetGain Called. Gains: 0.00 12.00 8.49 -12.00 -12.00 0.00 0.00 
[DRC] SetGain Called. Gains: 0.00 12.00 9.18 -12.00 -12.00 0.00 0.00 
[DRC] SetGain Called. Gains: 0.00 12.00 9.73 -12.00 -12.00 0.00 0.00 
[DRC] SetGain Called. Gains: 0.00 12.00 10.42 -12.00 -12.00 0.00 0.00 
[DRC] SetGain Called. Gains: 0.00 12.00 11.04 -12.00 -12.00 0.00 0.00 
[DRC] SetGain Called. Gains: 0.00 12.00 11.52 -12.00 -12.00 0.00 0.00 
[DRC] SetGain Called. Gains: 0.00 12.00 12.00 -12.00 -12.00 0.00 0.00 
[DRC] SetGain Called. Gains: 0.00 12.00 12.00 -12.00 -12.00 0.00 0.00 
[DRC] SetGain Called. Gains: 0.00 12.00 12.00 -12.00 -12.00 0.00 0.00 
[DRC] SetGain Called. Gains: 0.00 12.00 12.00 -12.00 -12.00 0.00 0.00 
[DRC] SetGain Called. Gains: 0.00 12.00 12.00 -12.00 -12.00 0.00 0.00 
[DRC] SetGain Called. Gains: 0.00 12.00 12.00 -12.00 -12.00 0.00 0.00 
[DRC] SetGain Called. Gains: 0.00 12.00 12.00 -12.00 -12.00 0.00 0.00 
[DRC] SetGain Called. Gains: 0.00 12.00 12.00 -12.00 -12.00 0.00 0.00 
[DRC] SetGain Called. Gains: 0.00 12.00 12.00 -12.00 -12.00 0.00 0.00 
[DRC] SetGain Called. Gains: 0.00 12.00 12.00 -12.00 -12.00 0.00 0.00 
[DRC] SetGain Called. Gains: 0.00 12.00 12.00 -12.00 -12.00 0.00 0.00 
[DRC] SetGain Called. Gains: 0.00 12.00 12.00 -12.00 -12.00 0.00 0.00 
[DRC] SetGain Called. Gains: 0.00 12.00 12.00 -12.00 -12.00 0.00 0.00 
[DRC] SetGain Called. Gains: 0.00 12.00 12.00 -12.00 -12.00 0.00 0.00 
[DRC] SetGain Called. Gains: 0.00 12.00 12.00 -12.00 -12.00 0.00 0.00 
[DRC] SetGain Called. Gains: 0.00 12.00 12.00 -12.00 -12.00 0.00 0.00 
[DRC] SetGain Called. Gains: 0.00 12.00 12.00 -12.00 -12.00 0.00 0.00 
[DRC] SetGain Called. Gains: 0.00 12.00 12.00 -12.00 -12.00 0.00 0.00 
[DRC] SetGain Called. Gains: 0.00 12.00 12.00 -12.00 -12.00 0.00 0.00 
[DRC] SetGain Called. Gains: 0.00 12.00 12.00 -12.00 -12.00 0.00 0.00 
[DRC] SetGain Called. Gains: 0.00 12.00 12.00 -12.00 -12.00 0.00 0.00 
[DRC] SetGain Called. Gains: 0.00 12.00 12.00 -12.00 -12.00 0.00 0.00 
[DRC] SetGain Called. Gains: 0.00 12.00 12.00 -12.00 -12.00 0.00 0.00 
[DRC] SetGain Called. Gains: 0.00 12.00 12.00 -11.59 -12.00 0.00 0.00 
[DRC] SetGain Called. Gains: 0.00 12.00 12.00 -11.38 -12.00 0.00 0.00 
[DRC] SetGain Called. Gains: 0.00 12.00 12.00 -11.11 -12.00 0.00 0.00 
[DRC] SetGain Called. Gains: 0.00 12.00 12.00 -10.83 -12.00 0.00 0.00 
[DRC] SetGain Called. Gains: 0.00 12.00 12.00 -10.35 -12.00 0.00 0.00 
[DRC] SetGain Called. Gains: 0.00 12.00 12.00 -9.87 -12.00 0.00 0.00 
[DRC] SetGain Called. Gains: 0.00 12.00 12.00 -9.39 -12.00 0.00 0.00 
[DRC] SetGain Called. Gains: 0.00 12.00 12.00 -8.84 -12.00 0.00 0.00 
[DRC] SetGain Called. Gains: 0.00 12.00 12.00 -8.22 -12.00 0.00 0.00 
[DRC] SetGain Called. Gains: 0.00 12.00 12.00 -7.67 -12.00 0.00 0.00 
[DRC] SetGain Called. Gains: 0.00 12.00 12.00 -7.12 -12.00 0.00 0.00 
[DRC] SetGain Called. Gains: 0.00 12.00 12.00 -6.57 -12.00 0.00 0.00 
[DRC] SetGain Called. Gains: 0.00 12.00 12.00 -6.02 -12.00 0.00 0.00 
[DRC] SetGain Called. Gains: 0.00 12.00 12.00 -5.40 -12.00 0.00 0.00 
[DRC] SetGain Called. Gains: 0.00 12.00 12.00 -4.85 -12.00 0.00 0.00 
[DRC] SetGain Called. Gains: 0.00 12.00 12.00 -4.37 -12.00 0.00 0.00 
[DRC] SetGain Called. Gains: 0.00 12.00 12.00 -3.95 -12.00 0.00 0.00 
[DRC] SetGain Called. Gains: 0.00 12.00 12.00 -3.54 -12.00 0.00 0.00 
[DRC] SetGain Called. Gains: 0.00 12.00 12.00 -3.27 -12.00 0.00 0.00 
[DRC] SetGain Called. Gains: 0.00 12.00 12.00 -2.99 -12.00 0.00 0.00 
[DRC] SetGain Called. Gains: 0.00 12.00 12.00 -2.79 -12.00 0.00 0.00 
[DRC] SetGain Called. Gains: 0.00 12.00 12.00 -2.51 -12.00 0.00 0.00 
[DRC] SetGain Called. Gains: 0.00 12.00 12.00 -2.17 -12.00 0.00 0.00 
[DRC] SetGain Called. Gains: 0.00 12.00 12.00 -1.82 -12.00 0.00 0.00 
[DRC] SetGain Called. Gains: 0.00 12.00 12.00 -1.55 -12.00 0.00 0.00 
[DRC] SetGain Called. Gains: 0.00 12.00 12.00 -1.13 -12.00 0.00 0.00 
[DRC] SetGain Called. Gains: 0.00 12.00 12.00 -0.93 -12.00 0.00 0.00 
[DRC] SetGain Called. Gains: 0.00 12.00 12.00 -0.65 -12.00 0.00 0.00 
[DRC] SetGain Called. Gains: 0.00 12.00 12.00 -0.52 -12.00 0.00 0.00 
[DRC] SetGain Called. Gains: 0.00 12.00 12.00 -0.31 -12.00 0.00 0.00 
[DRC] SetGain Called. Gains: 0.00 12.00 12.00 -0.10 -12.00 0.00 0.00 
[DRC] SetGain Called. Gains: 0.00 12.00 12.00 0.03 -12.00 0.00 0.00 
[DRC] SetGain Called. Gains: 0.00 12.00 12.00 0.17 -12.00 0.00 0.00 
[DRC] SetGain Called. Gains: 0.00 12.00 12.00 0.38 -12.00 0.00 0.00 
[DRC] SetGain Called. Gains: 0.00 12.00 12.00 0.52 -12.00 0.00 0.00 
[DRC] SetGain Called. Gains: 0.00 12.00 12.00 0.72 -12.00 0.00 0.00 
[DRC] SetGain Called. Gains: 0.00 12.00 12.00 0.86 -12.00 0.00 0.00 
[DRC] SetGain Called. Gains: 0.00 12.00 12.00 1.07 -12.00 0.00 0.00 
[DRC] SetGain Called. Gains: 0.00 12.00 12.00 1.27 -12.00 0.00 0.00 
[DRC] SetGain Called. Gains: 0.00 12.00 12.00 1.48 -12.00 0.00 0.00 
[DRC] SetGain Called. Gains: 0.00 12.00 12.00 1.68 -12.00 0.00 0.00 
[DRC] SetGain Called. Gains: 0.00 12.00 12.00 1.89 -12.00 0.00 0.00 
[DRC] SetGain Called. Gains: 0.00 12.00 12.00 2.10 -12.00 0.00 0.00 
[DRC] SetGain Called. Gains: 0.00 12.00 12.00 2.30 -12.00 0.00 0.00 
[DRC] SetGain Called. Gains: 0.00 12.00 12.00 2.51 -12.00 0.00 0.00 
[DRC] SetGain Called. Gains: 0.00 12.00 12.00 2.65 -12.00 0.00 0.00 
[DRC] SetGain Called. Gains: 0.00 12.00 12.00 2.72 -12.00 0.00 0.00 
[DRC] SetGain Called. Gains: 0.00 12.00 12.00 2.85 -12.00 0.00 0.00 
[DRC] SetGain Called. Gains: 0.00 12.00 12.00 2.99 -12.00 0.00 0.00 
[DRC] SetGain Called. Gains: 0.00 12.00 12.00 3.13 -12.00 0.00 0.00 
[DRC] SetGain Called. Gains: 0.00 12.00 12.00 3.27 -12.00 0.00 0.00 
[DRC] SetGain Called. Gains: 0.00 12.00 12.00 3.34 -12.00 0.00 0.00 
[DRC] SetGain Called. Gains: 0.00 12.00 12.00 3.40 -12.00 0.00 0.00 
[DRC] SetGain Called. Gains: 0.00 12.00 12.00 3.54 -12.00 0.00 0.00 
[DRC] SetGain Called. Gains: 0.00 12.00 12.00 3.61 -12.00 0.00 0.00 
[DRC] SetGain Called. Gains: 0.00 12.00 12.00 3.68 -12.00 0.00 0.00 
[DRC] SetGain Called. Gains: 0.00 12.00 12.00 3.75 -12.00 0.00 0.00 
[DRC] SetGain Called. Gains: 0.00 12.00 12.00 3.82 -12.00 0.00 0.00 
[DRC] SetGain Called. Gains: 0.00 12.00 12.00 3.82 -12.00 0.00 0.00 
[DRC] SetGain Called. Gains: 0.00 12.00 12.00 3.82 -12.00 0.00 0.00 
[DRC] SetGain Called. Gains: 0.00 12.00 12.00 3.82 -12.00 0.00 0.00 
[DRC] SetGain Called. Gains: 0.00 12.00 12.00 3.75 -12.00 0.00 0.00 
[DRC] SetGain Called. Gains: 0.00 12.00 12.00 3.68 -12.00 0.00 0.00 
[DRC] SetGain Called. Gains: 0.00 12.00 12.00 3.61 -12.00 0.00 0.00 
[DRC] SetGain Called. Gains: 0.00 12.00 12.00 3.54 -12.00 0.00 0.00 
[DRC] SetGain Called. Gains: 0.00 12.00 12.00 3.47 -12.00 0.00 0.00 
[DRC] SetGain Called. Gains: 0.00 12.00 12.00 3.40 -12.00 0.00 0.00 
[DRC] SetGain Called. Gains: 0.00 12.00 12.00 3.34 -12.00 0.00 0.00 
[DRC] SetGain Called. Gains: 0.00 12.00 12.00 3.27 -12.00 0.00 0.00 
[DRC] SetGain Called. Gains: 0.00 12.00 12.00 3.20 -12.00 0.00 0.00 
[DRC] SetGain Called. Gains: 0.00 12.00 12.00 3.13 -12.00 0.00 0.00 
[DRC] SetGain Called. Gains: 0.00 12.00 12.00 2.99 -12.00 0.00 0.00 
[DRC] SetGain Called. Gains: 0.00 12.00 12.00 2.85 -12.00 0.00 0.00 
[DRC] SetGain Called. Gains: 0.00 12.00 12.00 2.72 -12.00 0.00 0.00 
[DRC] SetGain Called. Gains: 0.00 12.00 12.00 2.65 -12.00 0.00 0.00 
[DRC] SetGain Called. Gains: 0.00 12.00 12.00 2.51 -12.00 0.00 0.00 
[DRC] SetGain Called. Gains: 0.00 12.00 12.00 2.37 -12.00 0.00 0.00 
[DRC] SetGain Called. Gains: 0.00 12.00 12.00 2.30 -12.00 0.00 0.00 
[DRC] SetGain Called. Gains: 0.00 12.00 12.00 2.23 -12.00 0.00 0.00 
[DRC] SetGain Called. Gains: 0.00 12.00 12.00 2.10 -12.00 0.00 0.00 
[DRC] SetGain Called. Gains: 0.00 12.00 12.00 2.03 -12.00 0.00 0.00 
[DRC] SetGain Called. Gains: 0.00 12.00 12.00 1.96 -12.00 0.00 0.00 
[DRC] SetGain Called. Gains: 0.00 12.00 12.00 1.89 -12.00 0.00 0.00 
[DRC] SetGain Called. Gains: 0.00 12.00 12.00 1.82 -12.00 0.00 0.00 
[DRC] SetGain Called. Gains: 0.00 12.00 12.00 1.75 -12.00 0.00 0.00 
[DRC] SetGain Called. Gains: 0.00 12.00 12.00 1.68 -12.00 0.00 0.00 
[DRC] SetGain Called. Gains: 0.00 12.00 12.00 1.68 -11.11 0.00 0.00 
[DRC] SetGain Called. Gains: 0.00 12.00 12.00 1.68 -10.69 0.00 0.00 
[DRC] SetGain Called. Gains: 0.00 12.00 12.00 1.68 -10.35 0.00 0.00 
[DRC] SetGain Called. Gains: 0.00 12.00 12.00 1.68 -9.87 0.00 0.00 
[DRC] SetGain Called. Gains: 0.00 12.00 12.00 1.68 -9.46 0.00 0.00 
[DRC] SetGain Called. Gains: 0.00 12.00 12.00 1.68 -9.11 0.00 0.00 
[DRC] SetGain Called. Gains: 0.00 12.00 12.00 1.68 -8.70 0.00 0.00 
[DRC] SetGain Called. Gains: 0.00 12.00 12.00 1.68 -8.36 0.00 0.00 
[DRC] SetGain Called. Gains: 0.00 12.00 12.00 1.68 -8.01 0.00 0.00 
[DRC] SetGain Called. Gains: 0.00 12.00 12.00 1.68 -7.60 0.00 0.00 
[DRC] SetGain Called. Gains: 0.00 12.00 12.00 1.68 -7.26 0.00 0.00 
[DRC] SetGain Called. Gains: 0.00 12.00 12.00 1.68 -6.84 0.00 0.00 
[DRC] SetGain Called. Gains: 0.00 12.00 12.00 1.68 -6.50 0.00 0.00 
[DRC] SetGain Called. Gains: 0.00 12.00 12.00 1.68 -6.09 0.00 0.00 
[DRC] SetGain Called. Gains: 0.00 12.00 12.00 1.68 -5.81 0.00 0.00 
[DRC] SetGain Called. Gains: 0.00 12.00 12.00 1.68 -5.54 0.00 0.00 
[DRC] SetGain Called. Gains: 0.00 12.00 12.00 1.68 -5.26 0.00 0.00 
[DRC] SetGain Called. Gains: 0.00 12.00 12.00 1.68 -5.12 0.00 0.00 
[DRC] SetGain Called. Gains: 0.00 12.00 12.00 1.68 -4.92 0.00 0.00 
[DRC] SetGain Called. Gains: 0.00 12.00 12.00 1.68 -4.78 0.00 0.00 
[DRC] SetGain Called. Gains: 0.00 12.00 12.00 1.68 -4.57 0.00 0.00 
[DRC] SetGain Called. Gains: 0.00 12.00 12.00 1.68 -4.50 0.00 0.00 
[DRC] SetGain Called. Gains: 0.00 12.00 12.00 1.68 -4.44 0.00 0.00 
[DRC] SetGain Called. Gains: 0.00 12.00 12.00 1.68 -4.37 0.00 0.00 
[DRC] SetGain Called. Gains: 0.00 12.00 12.00 1.68 -4.23 0.00 0.00 
[DRC] SetGain Called. Gains: 0.00 12.00 12.00 1.68 -4.16 0.00 0.00 
[DRC] SetGain Called. Gains: 0.00 12.00 12.00 1.68 -4.02 0.00 0.00 
[DRC] SetGain Called. Gains: 0.00 12.00 12.00 1.68 -3.89 0.00 0.00 
[DRC] SetGain Called. Gains: 0.00 12.00 12.00 1.68 -3.68 0.00 0.00 
[DRC] SetGain Called. Gains: 0.00 12.00 12.00 1.68 -3.54 0.00 0.00 
[DRC] SetGain Called. Gains: 0.00 12.00 12.00 1.68 -3.47 0.00 0.00 
[DRC] SetGain Called. Gains: 0.00 12.00 12.00 1.68 -3.34 0.00 0.00 
[DRC] SetGain Called. Gains: 0.00 12.00 12.00 1.68 -3.27 0.00 0.00 
[DRC] SetGain Called. Gains: 0.00 12.00 12.00 1.68 -3.13 0.00 0.00 
[DRC] SetGain Called. Gains: 0.00 12.00 12.00 1.68 -3.06 0.00 0.00 
[DRC] SetGain Called. Gains: 0.00 12.00 12.00 1.68 -2.99 0.00 0.00 
[DRC] SetGain Called. Gains: 0.00 12.00 12.00 1.68 -2.92 0.00 0.00 
[DRC] SetGain Called. Gains: 0.00 12.00 12.00 1.68 -2.85 0.00 0.00 
[DRC] SetGain Called. Gains: 0.00 12.00 12.00 1.68 -2.85 0.00 0.00 
[DRC] SetGain Called. Gains: 0.00 12.00 12.00 1.68 -2.85 0.00 0.00 
[DRC] SetGain Called. Gains: 0.00 12.00 12.00 1.68 -2.79 0.00 0.00 
[DRC] SetGain Called. Gains: 0.00 12.00 11.59 1.68 -2.79 0.00 0.00 
[DRC] SetGain Called. Gains: 0.00 12.00 11.45 1.68 -2.79 0.00 0.00 
[DRC] SetGain Called. Gains: 0.00 12.00 11.17 1.68 -2.79 0.00 0.00 
[DRC] SetGain Called. Gains: 0.00 12.00 10.90 1.68 -2.79 0.00 0.00 
[DRC] SetGain Called. Gains: 0.00 12.00 10.69 1.68 -2.79 0.00 0.00 
[DRC] SetGain Called. Gains: 0.00 12.00 10.35 1.68 -2.79 0.00 0.00 
[DRC] SetGain Called. Gains: 0.00 12.00 9.94 1.68 -2.79 0.00 0.00 
[DRC] SetGain Called. Gains: 0.00 12.00 9.66 1.68 -2.79 0.00 0.00 
[DRC] SetGain Called. Gains: 0.00 12.00 9.32 1.68 -2.79 0.00 0.00 
[DRC] SetGain Called. Gains: 0.00 12.00 8.91 1.68 -2.79 0.00 0.00 
[DRC] SetGain Called. Gains: 0.00 12.00 8.63 1.68 -2.79 0.00 0.00 
[DRC] SetGain Called. Gains: 0.00 12.00 8.49 1.68 -2.79 0.00 0.00 
[DRC] SetGain Called. Gains: 0.00 12.00 8.29 1.68 -2.79 0.00 0.00 
[DRC] SetGain Called. Gains: 0.00 12.00 8.15 1.68 -2.79 0.00 0.00 
[DRC] SetGain Called. Gains: 0.00 12.00 8.08 1.68 -2.79 0.00 0.00 
[DRC] SetGain Called. Gains: 0.00 12.00 8.01 1.68 -2.79 0.00 0.00 
[DRC] SetGain Called. Gains: 0.00 12.00 7.94 1.68 -2.79 0.00 0.00 
[DRC] SetGain Called. Gains: 0.00 12.00 7.87 1.68 -2.79 0.00 0.00 
[DRC] SetGain Called. Gains: 0.00 12.00 7.74 1.68 -2.79 0.00 0.00 
[DRC] SetGain Called. Gains: 0.00 12.00 7.67 1.68 -2.79 0.00 0.00 
[DRC] SetGain Called. Gains: 0.00 12.00 7.53 1.68 -2.79 0.00 0.00 
[DRC] SetGain Called. Gains: 0.00 12.00 7.39 1.68 -2.79 0.00 0.00 
[DRC] SetGain Called. Gains: 0.00 12.00 7.26 1.68 -2.79 0.00 0.00 
[DRC] SetGain Called. Gains: 0.00 12.00 7.12 1.68 -2.79 0.00 0.00 
[DRC] SetGain Called. Gains: 0.00 12.00 6.98 1.68 -2.79 0.00 0.00 
[DRC] SetGain Called. Gains: 0.00 12.00 6.84 1.68 -2.79 0.00 0.00 
[DRC] SetGain Called. Gains: 0.00 12.00 6.64 1.68 -2.79 0.00 0.00 
[DRC] SetGain Called. Gains: 0.00 12.00 6.50 1.68 -2.79 0.00 0.00 
[DRC] SetGain Called. Gains: 0.00 12.00 6.43 1.68 -2.79 0.00 0.00 
[DRC] SetGain Called. Gains: 0.00 12.00 6.36 1.68 -2.79 0.00 0.00 
[DRC] SetGain Called. Gains: 0.00 12.00 6.29 1.68 -2.79 0.00 0.00 
[DRC] SetGain Called. Gains: 0.00 12.00 6.29 1.68 -2.79 0.00 0.00 
[DRC] SetGain Called. Gains: 0.00 12.00 6.22 1.68 -2.79 0.00 0.00 
[DRC] SetGain Called. Gains: 0.00 12.00 6.15 1.68 -2.79 0.00 0.00 
[DRC] SetGain Called. Gains: 0.00 12.00 6.09 1.68 -2.79 0.00 0.00 
[DRC] SetGain Called. Gains: 0.00 12.00 6.02 1.68 -2.79 0.00 0.00 
[DRC] SetGain Called. Gains: 0.00 12.00 5.95 1.68 -2.79 0.00 0.00 
[DRC] SetGain Called. Gains: 0.00 12.00 5.88 1.68 -2.79 0.00 0.00 
[DRC] SetGain Called. Gains: 0.00 11.79 5.88 1.68 -2.79 0.00 0.00 
[DRC] SetGain Called. Gains: 0.00 11.59 5.88 1.68 -2.79 0.00 0.00 
[DRC] SetGain Called. Gains: 0.00 11.38 5.88 1.68 -2.79 0.00 0.00 
[DRC] SetGain Called. Gains: 0.00 11.11 5.88 1.68 -2.79 0.00 0.00 
[DRC] SetGain Called. Gains: 0.00 10.76 5.88 1.68 -2.79 0.00 0.00 
[DRC] SetGain Called. Gains: 0.00 10.42 5.88 1.68 -2.79 0.00 0.00 
[DRC] SetGain Called. Gains: 0.00 10.07 5.88 1.68 -2.79 0.00 0.00 
[DRC] SetGain Called. Gains: 0.00 9.59 5.88 1.68 -2.79 0.00 0.00 
[DRC] SetGain Called. Gains: 0.00 9.32 5.88 1.68 -2.79 0.00 0.00 
[DRC] SetGain Called. Gains: 0.00 9.04 5.88 1.68 -2.79 0.00 0.00 
[DRC] SetGain Called. Gains: 0.00 8.77 5.88 1.68 -2.79 0.00 0.00 
[DRC] SetGain Called. Gains: 0.00 8.56 5.88 1.68 -2.79 0.00 0.00 
[DRC] SetGain Called. Gains: 0.00 8.36 5.88 1.68 -2.79 0.00 0.00 
[DRC] SetGain Called. Gains: 0.00 8.22 5.88 1.68 -2.79 0.00 0.00 
[DRC] SetGain Called. Gains: 0.00 8.15 5.88 1.68 -2.79 0.00 0.00 
[DRC] SetGain Called. Gains: 0.00 8.08 5.88 1.68 -2.79 0.00 0.00 
[DRC] SetGain Called. Gains: 0.00 8.01 5.88 1.68 -2.79 0.00 0.00 
[DRC] SetGain Called. Gains: 0.00 7.94 5.88 1.68 -2.79 0.00 0.00 
[DRC] SetGain Called. Gains: 0.00 7.87 5.88 1.68 -2.79 0.00 0.00 
[DRC] SetGain Called. Gains: 0.00 7.81 5.88 1.68 -2.79 0.00 0.00 
[DRC] SetGain Called. Gains: 0.00 7.67 5.88 1.68 -2.79 0.00 0.00 
[DRC] SetGain Called. Gains: 0.00 7.60 5.88 1.68 -2.79 0.00 0.00 
[DRC] SetGain Called. Gains: 0.00 7.53 5.88 1.68 -2.79 0.00 0.00 
[DRC] SetGain Called. Gains: 0.00 7.46 5.88 1.68 -2.79 0.00 0.00 
[DRC] SetGain Called. Gains: 0.00 7.39 5.88 1.68 -2.79 0.00 0.00 
[DRC] SetGain Called. Gains: 0.00 7.32 5.88 1.68 -2.79 0.00 0.00 
[DRC] SetGain Called. Gains: 0.00 7.26 5.88 1.68 -2.79 0.00 0.00 
[DRC] SetGain Called. Gains: 0.00 7.19 5.88 1.68 -2.79 0.00 0.00 
[DRC] SetGain Called. Gains: 0.00 7.12 5.88 1.68 -2.79 0.00 0.00 
[DRC] SetGain Called. Gains: 0.00 7.05 5.88 1.68 -2.79 0.00 0.00 
[DRC] SetGain Called. Gains: 0.00 6.98 5.88 1.68 -2.79 0.00 0.00 
[DRC] SetGain Called. Gains: 0.00 6.91 5.88 1.68 -2.79 0.00 0.00 
[DRC] SetGain Called. Gains: 0.00 6.84 5.88 1.68 -2.79 0.00 0.00 
[DRC] SetGain Called. Gains: 0.00 6.77 5.88 1.68 -2.79 0.00 0.00 
[DRC] SetGain Called. Gains: 0.00 6.70 5.88 1.68 -2.79 0.00 0.00 
[DRC] SetGain Called. Gains: 0.00 6.64 5.88 1.68 -2.79 0.00 0.00 
[DRC] SetGain Called. Gains: 0.00 6.57 5.88 1.68 -2.79 0.00 0.00 
[DRC] SetGain Called. Gains: 0.00 6.50 5.88 1.68 -2.79 0.00 0.00 
[DRC] SetGain Called. Gains: 0.00 6.43 5.88 1.68 -2.79 0.00 0.00 
[DRC] SetGain Called. Gains: 0.00 6.36 5.88 1.68 -2.79 0.00 0.00 
[DRC] SetGain Called. Gains: 0.00 6.36 5.88 1.68 -2.79 0.00 0.00 
[DRC] SetGain Called. Gains: 0.00 6.29 5.88 1.68 -2.79 0.00 0.00 
[DRC] SetGain Called. Gains: 0.00 6.29 5.88 1.68 -2.17 0.00 0.00 
[DRC] SetGain Called. Gains: 0.00 6.29 5.88 1.68 -2.03 0.00 0.00 
[DRC] SetGain Called. Gains: 0.00 6.29 5.88 1.68 -1.89 0.00 0.00 
[DRC] SetGain Called. Gains: 0.00 6.29 5.88 1.68 -1.75 0.00 0.00 
[DRC] SetGain Called. Gains: 0.00 6.29 5.88 1.68 -1.62 0.00 0.00 
[DRC] SetGain Called. Gains: 0.00 6.29 5.88 1.68 -1.55 0.00 0.00 
[DRC] SetGain Called. Gains: 0.00 6.29 5.88 1.68 -1.41 0.00 0.00 
[DRC] SetGain Called. Gains: 0.00 6.29 5.88 1.68 -1.34 0.00 0.00 
[DRC] SetGain Called. Gains: 0.00 6.29 5.88 1.68 -1.27 0.00 0.00 
[DRC] SetGain Called. Gains: 0.00 6.29 5.88 1.68 -1.20 0.00 0.00 
[DRC] SetGain Called. Gains: 0.00 6.29 5.88 1.68 -1.13 0.00 0.00 
[DRC] SetGain Called. Gains: 0.00 6.29 5.88 1.68 -1.07 0.00 0.00 
[DRC] SetGain Called. Gains: 0.00 6.29 5.88 1.68 -1.00 0.00 0.00 
[DRC] SetGain Called. Gains: 0.00 6.29 5.88 1.68 -0.93 0.00 0.00 
[DRC] SetGain Called. Gains: 0.00 6.29 5.88 1.68 -0.86 0.00 0.00 
[DRC] SetGain Called. Gains: 0.00 6.29 5.88 1.68 -0.79 0.00 0.00 
[DRC] SetGain Called. Gains: 0.00 6.29 5.88 1.68 -0.72 0.00 0.00 
[DRC] SetGain Called. Gains: 0.00 6.29 5.88 1.68 -0.65 0.00 0.00 
[DRC] SetGain Called. Gains: 0.00 6.29 5.88 1.68 -0.58 0.00 0.00 
[DRC] SetGain Called. Gains: 0.00 6.22 5.88 1.68 -0.58 0.00 0.00 
[DRC] SetGain Called. Gains: 0.00 5.88 5.88 1.68 -0.58 0.00 0.00 
[DRC] SetGain Called. Gains: 0.00 5.60 5.88 1.68 -0.58 0.00 0.00 
[DRC] SetGain Called. Gains: 0.00 5.26 5.88 1.68 -0.58 0.00 0.00 
[DRC] SetGain Called. Gains: 0.00 4.99 5.88 1.68 -0.58 0.00 0.00 
[DRC] SetGain Called. Gains: 0.00 4.57 5.88 1.68 -0.58 0.00 0.00 
[DRC] SetGain Called. Gains: 0.00 4.09 5.88 1.68 -0.58 0.00 0.00 
[DRC] SetGain Called. Gains: 0.00 3.61 5.88 1.68 -0.58 0.00 0.00 
[DRC] SetGain Called. Gains: 0.00 3.27 5.88 1.68 -0.58 0.00 0.00 
[DRC] SetGain Called. Gains: 0.00 2.65 5.88 1.68 -0.58 0.00 0.00 
[DRC] SetGain Called. Gains: 0.00 2.17 5.88 1.68 -0.58 0.00 0.00 
[DRC] SetGain Called. Gains: 0.00 1.62 5.88 1.68 -0.58 0.00 0.00 
[DRC] SetGain Called. Gains: 0.00 0.93 5.88 1.68 -0.58 0.00 0.00 
[DRC] SetGain Called. Gains: 0.00 0.38 5.88 1.68 -0.58 0.00 0.00 
[DRC] SetGain Called. Gains: 0.00 -0.24 5.88 1.68 -0.58 0.00 0.00 
[DRC] SetGain Called. Gains: 0.00 -0.93 5.88 1.68 -0.58 0.00 0.00 
[DRC] SetGain Called. Gains: 0.00 -1.48 5.88 1.68 -0.58 0.00 0.00 
[DRC] SetGain Called. Gains: 0.00 -2.03 5.88 1.68 -0.58 0.00 0.00 
[DRC] SetGain Called. Gains: 0.00 -2.65 5.88 1.68 -0.58 0.00 0.00 
[DRC] SetGain Called. Gains: 0.00 -3.34 5.88 1.68 -0.58 0.00 0.00 
[DRC] SetGain Called. Gains: 0.00 -3.95 5.88 1.68 -0.58 0.00 0.00 
[DRC] SetGain Called. Gains: 0.00 -4.57 5.88 1.68 -0.58 0.00 0.00 
[DRC] SetGain Called. Gains: 0.00 -5.05 5.88 1.68 -0.58 0.00 0.00 
[DRC] SetGain Called. Gains: 0.00 -5.54 5.88 1.68 -0.58 0.00 0.00 
[DRC] SetGain Called. Gains: 0.00 -5.81 5.88 1.68 -0.58 0.00 0.00 
[DRC] SetGain Called. Gains: 0.00 -6.09 5.88 1.68 -0.58 0.00 0.00 
[DRC] SetGain Called. Gains: 0.00 -6.29 5.88 1.68 -0.58 0.00 0.00 
[DRC] SetGain Called. Gains: 0.00 -6.50 5.88 1.68 -0.58 0.00 0.00 
[DRC] SetGain Called. Gains: 0.00 -6.70 5.88 1.68 -0.58 0.00 0.00 
[DRC] SetGain Called. Gains: 0.00 -6.91 5.88 1.68 -0.58 0.00 0.00 
[DRC] SetGain Called. Gains: 0.00 -7.05 5.88 1.68 -0.58 0.00 0.00 
[DRC] SetGain Called. Gains: 0.00 -7.26 5.88 1.68 -0.58 0.00 0.00 
[DRC] SetGain Called. Gains: 0.00 -7.32 5.88 1.68 -0.58 0.00 0.00 
[DRC] SetGain Called. Gains: 0.00 -7.39 5.88 1.68 -0.58 0.00 0.00 
[DRC] SetGain Called. Gains: 0.00 -7.46 5.88 1.68 -0.58 0.00 0.00 
[DRC] SetGain Called. Gains: 0.00 -7.60 5.88 1.68 -0.58 0.00 0.00 
[DRC] SetGain Called. Gains: 0.00 -7.67 5.88 1.68 -0.58 0.00 0.00 
[DRC] SetGain Called. Gains: 0.00 -7.74 5.88 1.68 -0.58 0.00 0.00 
[DRC] SetGain Called. Gains: 0.00 -7.81 5.88 1.68 -0.58 0.00 0.00 
[DRC] SetGain Called. Gains: 0.00 -7.81 5.88 1.68 -0.58 0.00 0.00 
[DRC] SetGain Called. Gains: 0.00 -7.94 5.88 1.68 -0.58 0.00 0.00 
[DRC] SetGain Called. Gains: 0.00 -8.01 5.88 1.68 -0.58 0.00 0.00 
[DRC] SetGain Called. Gains: 0.00 -8.08 5.88 1.68 -0.58 0.00 0.00 
[DRC] SetGain Called. Gains: 0.00 -8.15 5.88 1.68 -0.58 0.00 0.00 
[DRC] SetGain Called. Gains: 0.00 -8.22 5.88 1.68 -0.58 0.00 0.00 
[DRC] SetGain Called. Gains: 0.00 -8.42 5.88 1.68 -0.58 0.00 0.00 
[DRC] SetGain Called. Gains: 0.00 -8.63 5.88 1.68 -0.58 0.00 0.00 
[DRC] SetGain Called. Gains: 0.00 -9.04 5.88 1.68 -0.58 0.00 0.00 
[DRC] SetGain Called. Gains: 0.00 -9.52 5.88 1.68 -0.58 0.00 0.00 
[DRC] SetGain Called. Gains: 0.00 -10.21 5.88 1.68 -0.58 0.00 0.00 
[DRC] SetGain Called. Gains: 0.00 -11.31 5.88 1.68 -0.58 0.00 0.00 
[DRC] SetGain Called. Gains: 0.00 -12.00 5.88 1.68 -0.58 0.00 0.00 
[DRC] SetGain Called. Gains: 0.00 -12.00 5.88 1.68 -0.58 0.00 0.00 
[DRC] SetGain Called. Gains: 0.00 -12.00 5.88 1.68 -0.58 0.00 0.00 
[DRC] SetGain Called. Gains: 0.00 -12.00 5.88 1.68 -0.58 0.00 0.00 
[DRC] SetGain Called. Gains: 0.00 -12.00 5.88 1.68 -0.58 0.00 0.00 
[DRC] SetGain Called. Gains: 0.00 -12.00 5.88 1.68 -0.58 0.00 0.00 
[DRC] SetGain Called. Gains: 0.00 -12.00 5.88 1.68 -0.58 0.00 0.00 
[DRC] SetGain Called. Gains: 0.00 -12.00 5.88 1.68 -0.58 0.00 0.00 
[DRC] SetGain Called. Gains: 0.00 -12.00 5.88 1.68 -0.58 0.00 0.00 
[DRC] SetGain Called. Gains: 0.00 -12.00 5.88 1.68 -0.58 0.00 0.00 
[DRC] SetGain Called. Gains: 0.00 -12.00 5.88 1.68 -0.58 0.00 0.00 
[DRC] SetGain Called. Gains: 0.00 -12.00 5.88 1.68 -0.58 0.00 0.00 
[DRC] SetGain Called. Gains: 0.00 -12.00 5.88 1.68 -0.58 0.00 0.00 
[DRC] SetGain Called. Gains: 0.00 -12.00 5.88 1.68 -0.58 0.00 0.00 
[DRC] SetGain Called. Gains: 0.00 -12.00 5.88 1.68 -0.58 0.00 0.00 
[DRC] SetGain Called. Gains: 0.00 -12.00 5.81 1.68 -0.58 0.00 0.00 
[DRC] SetGain Called. Gains: 0.00 -12.00 5.26 1.68 -0.58 0.00 0.00 
[DRC] SetGain Called. Gains: 0.00 -12.00 4.64 1.68 -0.58 0.00 0.00 
[DRC] SetGain Called. Gains: 0.00 -12.00 3.95 1.68 -0.58 0.00 0.00 
[DRC] SetGain Called. Gains: 0.00 -12.00 3.13 1.68 -0.58 0.00 0.00 
[DRC] SetGain Called. Gains: 0.00 -12.00 2.30 1.68 -0.58 0.00 0.00 
[DRC] SetGain Called. Gains: 0.00 -12.00 1.48 1.68 -0.58 0.00 0.00 
[DRC] SetGain Called. Gains: 0.00 -12.00 0.65 1.68 -0.58 0.00 0.00 
[DRC] SetGain Called. Gains: 0.00 -12.00 -0.17 1.68 -0.58 0.00 0.00 
[DRC] SetGain Called. Gains: 0.00 -12.00 -1.07 1.68 -0.58 0.00 0.00 
[DRC] SetGain Called. Gains: 0.00 -12.00 -2.03 1.68 -0.58 0.00 0.00 
[DRC] SetGain Called. Gains: 0.00 -12.00 -2.99 1.68 -0.58 0.00 0.00 
[DRC] SetGain Called. Gains: 0.00 -12.00 -3.75 1.68 -0.58 0.00 0.00 
[DRC] SetGain Called. Gains: 0.00 -12.00 -4.50 1.68 -0.58 0.00 0.00 
[DRC] SetGain Called. Gains: 0.00 -12.00 -5.40 1.68 -0.58 0.00 0.00 
[DRC] SetGain Called. Gains: 0.00 -12.00 -6.09 1.68 -0.58 0.00 0.00 
[DRC] SetGain Called. Gains: 0.00 -12.00 -6.77 1.68 -0.58 0.00 0.00 
[DRC] SetGain Called. Gains: 0.00 -12.00 -7.60 1.68 -0.58 0.00 0.00 
[DRC] SetGain Called. Gains: 0.00 -12.00 -8.22 1.68 -0.58 0.00 0.00 
[DRC] SetGain Called. Gains: 0.00 -12.00 -8.97 1.68 -0.58 0.00 0.00 
[DRC] SetGain Called. Gains: 0.00 -12.00 -9.59 1.68 -0.58 0.00 0.00 
[DRC] SetGain Called. Gains: 0.00 -12.00 -10.28 1.68 -0.58 0.00 0.00 
[DRC] SetGain Called. Gains: 0.00 -12.00 -10.83 1.68 -0.58 0.00 0.00 
[DRC] SetGain Called. Gains: 0.00 -12.00 -11.38 1.68 -0.58 0.00 0.00 
[DRC] SetGain Called. Gains: 0.00 -12.00 -11.86 1.68 -0.58 0.00 0.00 
[DRC] SetGain Called. Gains: 0.00 -12.00 -12.00 1.68 -0.58 0.00 0.00 
[DRC] SetGain Called. Gains: 0.00 -12.00 -12.00 1.68 -0.58 0.00 0.00 
[DRC] SetGain Called. Gains: 0.00 -12.00 -12.00 1.68 -0.58 0.00 0.00 
[DRC] SetGain Called. Gains: 0.00 -12.00 -12.00 1.68 -0.58 0.00 0.00 
[DRC] SetGain Called. Gains: 0.00 -12.00 -12.00 1.68 -0.58 0.00 0.00 
[DRC] SetGain Called. Gains: 0.00 -12.00 -12.00 1.68 -0.58 0.00 0.00 
[DRC] SetGain Called. Gains: 0.00 -12.00 -12.00 1.68 -0.58 0.00 0.00 
[DRC] SetGain Called. Gains: 0.00 -12.00 -12.00 1.68 -0.58 0.00 0.00 
[DRC] SetGain Called. Gains: 0.00 -12.00 -12.00 1.68 -0.58 0.00 0.00 
[DRC] SetGain Called. Gains: 0.00 -12.00 -12.00 1.68 -0.58 0.00 0.00 
[DRC] SetGain Called. Gains: 0.00 -12.00 -12.00 1.07 -0.58 0.00 0.00 
[DRC] SetGain Called. Gains: 0.00 -12.00 -12.00 0.65 -0.58 0.00 0.00 
[DRC] SetGain Called. Gains: 0.00 -12.00 -12.00 0.10 -0.58 0.00 0.00 
[DRC] SetGain Called. Gains: 0.00 -12.00 -12.00 -0.45 -0.58 0.00 0.00 
[DRC] SetGain Called. Gains: 0.00 -12.00 -12.00 -1.13 -0.58 0.00 0.00 
[DRC] SetGain Called. Gains: 0.00 -12.00 -12.00 -1.89 -0.58 0.00 0.00 
[DRC] SetGain Called. Gains: 0.00 -12.00 -12.00 -2.72 -0.58 0.00 0.00 
[DRC] SetGain Called. Gains: 0.00 -12.00 -12.00 -3.54 -0.58 0.00 0.00 
[DRC] SetGain Called. Gains: 0.00 -12.00 -12.00 -4.16 -0.58 0.00 0.00 
[DRC] SetGain Called. Gains: 0.00 -12.00 -12.00 -4.99 -0.58 0.00 0.00 
[DRC] SetGain Called. Gains: 0.00 -12.00 -12.00 -5.88 -0.58 0.00 0.00 
[DRC] SetGain Called. Gains: 0.00 -12.00 -12.00 -6.57 -0.58 0.00 0.00 
[DRC] SetGain Called. Gains: 0.00 -12.00 -12.00 -7.26 -0.58 0.00 0.00 
[DRC] SetGain Called. Gains: 0.00 -12.00 -12.00 -7.94 -0.58 0.00 0.00 
[DRC] SetGain Called. Gains: 0.00 -12.00 -12.00 -8.56 -0.58 0.00 0.00 
[DRC] SetGain Called. Gains: 0.00 -12.00 -12.00 -9.11 -0.58 0.00 0.00 
[DRC] SetGain Called. Gains: 0.00 -12.00 -12.00 -9.80 -0.58 0.00 0.00 
[DRC] SetGain Called. Gains: 0.00 -12.00 -12.00 -10.35 -0.58 0.00 0.00 
[DRC] SetGain Called. Gains: 0.00 -12.00 -12.00 -10.90 -0.58 0.00 0.00 
[DRC] SetGain Called. Gains: 0.00 -12.00 -12.00 -11.31 -0.58 0.00 0.00 
[DRC] SetGain Called. Gains: 0.00 -12.00 -12.00 -11.86 -0.58 0.00 0.00 
[DRC] SetGain Called. Gains: 0.00 -12.00 -12.00 -12.00 -0.58 0.00 0.00 
[DRC] SetGain Called. Gains: 0.00 -12.00 -12.00 -12.00 -0.58 0.00 0.00 
[DRC] SetGain Called. Gains: 0.00 -12.00 -12.00 -12.00 -0.58 0.00 0.00 
[DRC] SetGain Called. Gains: 0.00 -12.00 -12.00 -12.00 -0.58 0.00 0.00 
[DRC] SetGain Called. Gains: 0.00 -12.00 -12.00 -12.00 -0.58 0.00 0.00 
[DRC] SetGain Called. Gains: 0.00 -12.00 -12.00 -12.00 -0.58 0.00 0.00 
[DRC] SetGain Called. Gains: 0.00 -12.00 -12.00 -12.00 -0.58 0.00 0.00 
[DRC] SetGain Called. Gains: 0.00 -12.00 -12.00 -12.00 -0.58 0.00 0.00 
[DRC] SetGain Called. Gains: 0.00 -12.00 -12.00 -12.00 -0.58 0.00 0.00 
[DRC] SetGain Called. Gains: 0.00 -12.00 -12.00 -12.00 -0.58 0.00 0.00 
[DRC] SetGain Called. Gains: 0.00 -12.00 -12.00 -12.00 -0.58 0.00 0.00 
[DRC] SetGain Called. Gains: 0.00 -12.00 -12.00 -12.00 -0.58 0.00 0.00 
[DRC] SetGain Called. Gains: 0.00 -12.00 -12.00 -12.00 -0.58 0.00 0.00 
[DRC] SetGain Called. Gains: 0.00 -12.00 -12.00 -12.00 -0.58 0.00 0.00 
[DRC] SetGain Called. Gains: 0.00 -12.00 -12.00 -12.00 -0.58 0.00 0.00 
[DRC] SetGain Called. Gains: 0.00 -12.00 -12.00 -12.00 -0.58 0.00 0.00 
[DRC] SetGain Called. Gains: 0.00 -12.00 -12.00 -12.00 -0.58 0.00 0.00 
[DRC] SetGain Called. Gains: 0.00 -12.00 -12.00 -12.00 -0.58 0.00 0.00 
[DRC] SetGain Called. Gains: 0.00 -12.00 -12.00 -12.00 -0.58 0.00 0.00 
[DRC] SetGain Called. Gains: 0.00 -12.00 -12.00 -12.00 -0.58 0.00 0.00 
[DRC] SetGain Called. Gains: 0.00 -12.00 -12.00 -12.00 -0.58 0.00 0.00 
[DRC] SetGain Called. Gains: 0.00 -12.00 -12.00 -12.00 -1.55 0.00 0.00 
[DRC] SetGain Called. Gains: 0.00 -12.00 -12.00 -12.00 -2.37 0.00 0.00 
[DRC] SetGain Called. Gains: 0.00 -12.00 -12.00 -12.00 -3.54 0.00 0.00 
[DRC] SetGain Called. Gains: 0.00 -12.00 -12.00 -12.00 -4.78 0.00 0.00 
[DRC] SetGain Called. Gains: 0.00 -12.00 -12.00 -12.00 -6.02 0.00 0.00 
[DRC] SetGain Called. Gains: 0.00 -12.00 -12.00 -12.00 -7.26 0.00 0.00 
[DRC] SetGain Called. Gains: 0.00 -12.00 -12.00 -12.00 -8.49 0.00 0.00 
[DRC] SetGain Called. Gains: 0.00 -12.00 -12.00 -12.00 -10.14 0.00 0.00 
[DRC] SetGain Called. Gains: 0.00 -12.00 -12.00 -12.00 -11.38 0.00 0.00 
[DRC] SetGain Called. Gains: 0.00 -12.00 -12.00 -12.00 -12.00 0.00 0.00 
[DRC] SetGain Called. Gains: 0.00 -12.00 -12.00 -12.00 -12.00 0.00 0.00 
[DRC] SetGain Called. Gains: 0.00 -12.00 -12.00 -12.00 -12.00 0.00 0.00 
[DRC] SetGain Called. Gains: 0.00 -12.00 -12.00 -12.00 -12.00 0.00 0.00 
[DRC] SetGain Called. Gains: 0.00 -12.00 -12.00 -12.00 -12.00 0.00 0.00 
[DRC] SetGain Called. Gains: 0.00 -12.00 -12.00 -12.00 -12.00 0.00 0.00 
[DRC] SetGain Called. Gains: 0.00 -12.00 -12.00 -12.00 -12.00 0.00 0.00 
[DRC] SetGain Called. Gains: 0.00 -12.00 -12.00 -12.00 -12.00 0.00 0.00 
[DRC] SetGain Called. Gains: 0.00 -12.00 -12.00 -12.00 -12.00 0.00 0.00 
[DRC] SetGain Called. Gains: 0.00 -12.00 -12.00 -12.00 -12.00 0.00 0.00 
[DRC] SetGain Called. Gains: 0.00 -12.00 -12.00 -12.00 -12.00 0.00 0.00 
[DRC] SetGain Called. Gains: 0.00 -12.00 -12.00 -12.00 -12.00 0.00 0.00 
[DRC] SetGain Called. Gains: 0.00 -12.00 -12.00 -12.00 -12.00 -0.79 0.00 
[DRC] SetGain Called. Gains: 0.00 -12.00 -12.00 -12.00 -12.00 -1.55 0.00 
[DRC] SetGain Called. Gains: 0.00 -12.00 -12.00 -12.00 -12.00 -2.37 0.00 
[DRC] SetGain Called. Gains: 0.00 -12.00 -12.00 -12.00 -12.00 -3.27 0.00 
[DRC] SetGain Called. Gains: 0.00 -12.00 -12.00 -12.00 -12.00 -4.09 0.00 
[DRC] SetGain Called. Gains: 0.00 -12.00 -12.00 -12.00 -12.00 -5.12 0.00 
[DRC] SetGain Called. Gains: 0.00 -12.00 -12.00 -12.00 -12.00 -6.22 0.00 
[DRC] SetGain Called. Gains: 0.00 -12.00 -12.00 -12.00 -12.00 -7.19 0.00 
[DRC] SetGain Called. Gains: 0.00 -12.00 -12.00 -12.00 -12.00 -7.87 0.00 
[DRC] SetGain Called. Gains: 0.00 -12.00 -12.00 -12.00 -12.00 -8.91 0.00 
[DRC] SetGain Called. Gains: 0.00 -12.00 -12.00 -12.00 -12.00 -9.73 0.00 
[DRC] SetGain Called. Gains: 0.00 -12.00 -12.00 -12.00 -12.00 -10.42 0.00 
[DRC] SetGain Called. Gains: 0.00 -12.00 -12.00 -12.00 -12.00 -11.17 0.00 
[DRC] SetGain Called. Gains: 0.00 -12.00 -12.00 -12.00 -12.00 -11.93 0.00 
[DRC] SetGain Called. Gains: 0.00 -12.00 -12.00 -12.00 -12.00 -12.00 0.00 
[DRC] SetGain Called. Gains: 0.00 -12.00 -12.00 -12.00 -12.00 -12.00 0.00 
[DRC] SetGain Called. Gains: 0.00 -12.00 -12.00 -12.00 -12.00 -12.00 0.00 
[DRC] SetGain Called. Gains: 0.00 -12.00 -12.00 -12.00 -12.00 -12.00 0.00 
[DRC] SetGain Called. Gains: 0.00 -12.00 -12.00 -12.00 -12.00 -12.00 0.00 
[DRC] SetGain Called. Gains: 0.00 -12.00 -12.00 -12.00 -12.00 -12.00 0.00 
[DRC] SetGain Called. Gains: 0.00 -12.00 -12.00 -12.00 -12.00 -12.00 0.00 
[DRC] SetGain Called. Gains: 0.00 -12.00 -12.00 -12.00 -12.00 -12.00 0.00 
[DRC] SetGain Called. Gains: 0.00 -12.00 -12.00 -12.00 -12.00 -12.00 0.00 
[DRC] SetGain Called. Gains: 0.00 -12.00 -12.00 -12.00 -12.00 -12.00 0.00 
[DRC] SetGain Called. Gains: 0.00 -12.00 -12.00 -12.00 -12.00 -12.00 0.00 
[DRC] SetGain Called. Gains: 0.00 -12.00 -12.00 -12.00 -12.00 -12.00 0.00 
[DRC] SetGain Called. Gains: 0.00 -12.00 -12.00 -12.00 -12.00 -12.00 -0.31 
[DRC] SetGain Called. Gains: 0.00 -12.00 -12.00 -12.00 -12.00 -12.00 -0.86 
[DRC] SetGain Called. Gains: 0.00 -12.00 -12.00 -12.00 -12.00 -12.00 -1.41 
[DRC] SetGain Called. Gains: 0.00 -12.00 -12.00 -12.00 -12.00 -12.00 -2.10 
[DRC] SetGain Called. Gains: 0.00 -12.00 -12.00 -12.00 -12.00 -12.00 -2.85 
[DRC] SetGain Called. Gains: 0.00 -12.00 -12.00 -12.00 -12.00 -12.00 -3.47 
[DRC] SetGain Called. Gains: 0.00 -12.00 -12.00 -12.00 -12.00 -12.00 -4.23 
[DRC] SetGain Called. Gains: 0.00 -12.00 -12.00 -12.00 -12.00 -12.00 -4.92 
[DRC] SetGain Called. Gains: 0.00 -12.00 -12.00 -12.00 -12.00 -12.00 -5.67 
[DRC] SetGain Called. Gains: 0.00 -12.00 -12.00 -12.00 -12.00 -12.00 -6.29 
[DRC] SetGain Called. Gains: 0.00 -12.00 -12.00 -12.00 -12.00 -12.00 -7.05 
[DRC] SetGain Called. Gains: 0.00 -12.00 -12.00 -12.00 -12.00 -12.00 -7.81 
[DRC] SetGain Called. Gains: 0.00 -12.00 -12.00 -12.00 -12.00 -12.00 -8.49 
[DRC] SetGain Called. Gains: 0.00 -12.00 -12.00 -12.00 -12.00 -12.00 -9.32 
[DRC] SetGain Called. Gains: 0.00 -12.00 -12.00 -12.00 -12.00 -12.00 -10.01 
[DRC] SetGain Called. Gains: 0.00 -12.00 -12.00 -12.00 -12.00 -12.00 -10.69 
[DRC] SetGain Called. Gains: 0.00 -12.00 -12.00 -12.00 -12.00 -12.00 -11.52 
[DRC] SetGain Called. Gains: 0.00 -12.00 -12.00 -12.00 -12.00 -12.00 -12.00 
[DRC] SetGain Called. Gains: 0.00 -12.00 -12.00 -12.00 -12.00 -12.00 -12.00 
[DRC] SetGain Called. Gains: 0.00 -12.00 -12.00 -12.00 -12.00 -12.00 -12.00 
[DRC] SetGain Called. Gains: 0.00 -12.00 -12.00 -12.00 -12.00 -12.00 -12.00 
[DRC] SetGain Called. Gains: 0.00 -12.00 -12.00 -12.00 -12.00 -12.00 -12.00 
[DRC] SetGain Called. Gains: 0.00 -12.00 -12.00 -12.00 -12.00 -12.00 -12.00 
[DRC] SetGain Called. Gains: 0.00 -12.00 -12.00 -12.00 -12.00 -12.00 -12.00 
[DRC] SetGain Called. Gains: 0.00 -12.00 -12.00 -12.00 -12.00 -12.00 -12.00 
[DRC] SetGain Called. Gains: 0.00 -12.00 -12.00 -12.00 -12.00 -12.00 -12.00 
[DRC] SetGain Called. Gains: 0.00 -12.00 -12.00 -12.00 -12.00 -12.00 -12.00 
[DRC] SetGain Called. Gains: 0.00 -12.00 -12.00 -12.00 -12.00 -12.00 -12.00 
[DRC] SetGain Called. Gains: -0.24 -12.00 -12.00 -12.00 -12.00 -12.00 -12.00 
[DRC] SetGain Called. Gains: -0.31 -12.00 -12.00 -12.00 -12.00 -12.00 -12.00 
[DRC] SetGain Called. Gains: -0.38 -12.00 -12.00 -12.00 -12.00 -12.00 -12.00 
[DRC] SetGain Called. Gains: -0.45 -12.00 -12.00 -12.00 -12.00 -12.00 -12.00 
[DRC] SetGain Called. Gains: -0.58 -12.00 -12.00 -12.00 -12.00 -12.00 -12.00 
[DRC] SetGain Called. Gains: -0.79 -12.00 -12.00 -12.00 -12.00 -12.00 -12.00 
[DRC] SetGain Called. Gains: -1.07 -12.00 -12.00 -12.00 -12.00 -12.00 -12.00 
[DRC] SetGain Called. Gains: -1.55 -12.00 -12.00 -12.00 -12.00 -12.00 -12.00 
[DRC] SetGain Called. Gains: -2.10 -12.00 -12.00 -12.00 -12.00 -12.00 -12.00 
[DRC] SetGain Called. Gains: -2.58 -12.00 -12.00 -12.00 -12.00 -12.00 -12.00 
[DRC] SetGain Called. Gains: -3.20 -12.00 -12.00 -12.00 -12.00 -12.00 -12.00 
[DRC] SetGain Called. Gains: -3.89 -12.00 -12.00 -12.00 -12.00 -12.00 -12.00 
[DRC] SetGain Called. Gains: -4.64 -12.00 -12.00 -12.00 -12.00 -12.00 -12.00 
[DRC] SetGain Called. Gains: -5.33 -12.00 -12.00 -12.00 -12.00 -12.00 -12.00 
[DRC] SetGain Called. Gains: -6.15 -12.00 -12.00 -12.00 -12.00 -12.00 -12.00 
[DRC] SetGain Called. Gains: -6.98 -12.00 -12.00 -12.00 -12.00 -12.00 -12.00 
[DRC] SetGain Called. Gains: -7.81 -12.00 -12.00 -12.00 -12.00 -12.00 -12.00 
[DRC] SetGain Called. Gains: -8.63 -12.00 -12.00 -12.00 -12.00 -12.00 -12.00 
[DRC] SetGain Called. Gains: -9.66 -12.00 -12.00 -12.00 -12.00 -12.00 -12.00 
[DRC] SetGain Called. Gains: -10.62 -12.00 -12.00 -12.00 -12.00 -12.00 -12.00 
[DRC] SetGain Called. Gains: -11.52 -12.00 -12.00 -12.00 -12.00 -12.00 -12.00 
[DRC] SetGain Called. Gains: -12.00 -12.00 -12.00 -12.00 -12.00 -12.00 -12.00 
[DRC] SetGain Called. Gains: -12.00 -12.00 -12.00 -12.00 -12.00 -12.00 -12.00 
[DRC] SetGain Called. Gains: -12.00 -12.00 -12.00 -12.00 -12.00 -12.00 -12.00 
[DRC] SetGain Called. Gains: -12.00 -12.00 -12.00 -12.00 -12.00 -12.00 -12.00 
[DRC] SetGain Called. Gains: -12.00 -12.00 -12.00 -12.00 -12.00 -12.00 -12.00 
[DRC] SetGain Called. Gains: -12.00 -12.00 -12.00 -12.00 -12.00 -12.00 -12.00 
[DRC] SetGain Called. Gains: -12.00 -12.00 -12.00 -12.00 -12.00 -12.00 -12.00 
[DRC] SetGain Called. Gains: -12.00 -12.00 -12.00 -12.00 -12.00 -12.00 -12.00 
[DRC] SetGain Called. Gains: -12.00 -12.00 -12.00 -12.00 -12.00 -12.00 -12.00 
[DRC] SetGain Called. Gains: -12.00 -12.00 -12.00 -12.00 -12.00 -12.00 -12.00 
[DRC] SetGain Called. Gains: -12.00 -12.00 -12.00 -12.00 -12.00 -12.00 -12.00 
