[Makima] Called. n=17
  x[0]=0.000000 y[0]=0.000000
  x[1]=0.000000 y[1]=0.000000
  x[2]=25.000000 y[2]=0.000000
  x[3]=40.000000 y[3]=0.000000
  [Makima End] s[0]=-nan(ind) s[1]=-nan(ind) s[n-2]=0.000000 s[n-1]=0.000000
[Makima] Called. n=17
  x[0]=-1.000000 y[0]=0.000000
  x[1]=0.000000 y[1]=0.000000
  x[2]=25.000000 y[2]=0.000000
  x[3]=40.000000 y[3]=0.000000
  [Makima End] s[0]=0.000000 s[1]=0.000000 s[n-2]=0.000000 s[n-1]=0.000000
[Makima] Called. n=17
  x[0]=-1.000000 y[0]=12.000000
  x[1]=0.000000 y[1]=12.000000
  x[2]=25.000000 y[2]=12.000000
  x[3]=40.000000 y[3]=3.100000
  [Makima End] s[0]=0.000000 s[1]=0.000000 s[n-2]=0.000140 s[n-1]=-0.000375
[Makima] Called. n=17
  x[0]=-1.000000 y[0]=12.000000
  x[1]=0.000000 y[1]=12.000000
  x[2]=25.000000 y[2]=12.000000
  x[3]=40.000000 y[3]=-0.400000
  [Makima End] s[0]=0.000000 s[1]=0.000000 s[n-2]=-0.000961 s[n-1]=0.001206
[Makima] Called. n=17
  x[0]=-1.000000 y[0]=12.000000
  x[1]=0.000000 y[1]=12.000000
  x[2]=25.000000 y[2]=12.000000
  x[3]=40.000000 y[3]=-0.400000
  [Makima End] s[0]=0.000000 s[1]=0.000000 s[n-2]=-0.000961 s[n-1]=0.001206
[Makima] Called. n=17
  x[0]=-1.000000 y[0]=12.000000
  x[1]=0.000000 y[1]=12.000000
  x[2]=25.000000 y[2]=12.000000
  x[3]=40.000000 y[3]=-0.400000
  [Makima End] s[0]=0.000000 s[1]=0.000000 s[n-2]=-0.000961 s[n-1]=0.001206
[Makima] Called. n=17
  x[0]=-1.000000 y[0]=12.000000
  x[1]=0.000000 y[1]=12.000000
  x[2]=25.000000 y[2]=12.000000
  x[3]=40.000000 y[3]=-0.400000
  [Makima End] s[0]=0.000000 s[1]=0.000000 s[n-2]=-0.001342 s[n-1]=0.001632
[Makima] Called. n=17
  x[0]=-1.000000 y[0]=12.000000
  x[1]=0.000000 y[1]=12.000000
  x[2]=25.000000 y[2]=12.000000
  x[3]=40.000000 y[3]=-0.400000
  [Makima End] s[0]=0.000000 s[1]=0.000000 s[n-2]=-0.001342 s[n-1]=0.001632
